Log file open, 06/22/16 17:15:22
LogPlatformFile: Not using cached read wrapper
LogInit:Display: RandInit(-1645657333) SRandInit(-1645657331).
LogTaskGraph: Started task graph with 4 named threads and 5 total threads with 1 sets of task threads.
LogStats: Stats thread started at 0.653733
LogInit: Version: 4.12.2-3005592+++UE4+Release-4.12
LogInit: API Version: 2992821
LogInit: Net Version: 3005592
LogDevObjectVersion: Number of dev versions registered: 13
LogDevObjectVersion:   Dev-Blueprints (B0D832E4-1F89-4F0D-ACCF-7EB736FD4AA2): 3
LogDevObjectVersion:   Dev-Build (E1C64328-A22C-4D53-A36C-8E866417BD8C): 0
LogDevObjectVersion:   Dev-Core (375EC13C-06E4-48FB-B500-84F0262A717E): 1
LogDevObjectVersion:   Dev-Editor (E4B068ED-F494-42E9-A231-DA0B2E46BB41): 2
LogDevObjectVersion:   Dev-Framework (CFFC743F-43B0-4480-9391-14DF171D2073): 6
LogDevObjectVersion:   Dev-Mobile (B02B49B5-BB20-44E9-A304-32B752E40360): 0
LogDevObjectVersion:   Dev-Networking (A4E4105C-59A1-49B5-A7C5-40C4547EDFEE): 0
LogDevObjectVersion:   Dev-Online (39C831C9-5AE6-47DC-9A44-9C173E1C8E7C): 0
LogDevObjectVersion:   Dev-Physics (78F01B33-EBEA-4F98-B9B4-84EACCB95AA2): 0
LogDevObjectVersion:   Dev-Platform (6631380F-2D4D-43E0-8009-CF276956A95A): 0
LogDevObjectVersion:   Dev-Rendering (12F88B9F-8875-4AFC-A67C-D90C383ABD29): 2
LogDevObjectVersion:   Dev-Sequencer (7B5AE74C-D270-4C10-A958-57980B212A5A): 0
LogDevObjectVersion:   Dev-VR (D7296918-1DD6-4BDD-9DE2-64A83CC13884): 0
LogInit: Compiled (64-bit): Jun  8 2016 08:52:10
LogInit: Compiled with Visual C++: 19.00.23026.00
LogInit: Build Configuration: Development
LogInit: Branch Name: ++UE4+Release-4.12
LogInit: Command line: 
LogInit: Base directory: C:/Users/Guillaume/Documents/Unreal Projects/KnightFight/Out/WindowsNoEditor/KnightFight/Binaries/Win64/
LogInit: Installed Engine Build: 0
LogInit: Using libcurl 7.41.0
LogInit:  - built for x86_64-pc-win32
LogInit:  - supports SSL with WinSSL
LogInit:  - other features:
LogInit:      CURL_VERSION_SSL
LogInit:      CURL_VERSION_IPV6
LogInit:      CURL_VERSION_ASYNCHDNS
LogInit:      CURL_VERSION_LARGEFILE
LogInit:      CURL_VERSION_IDN
LogInit:  CurlRequestOptions (configurable via config and command line):
LogInit:  - bVerifyPeer = true  - Libcurl will verify peer certificate
LogInit:  - bUseHttpProxy = false  - Libcurl will NOT use HTTP proxy
LogInit:  - bDontReuseConnections = false  - Libcurl will reuse connections
LogInit:  - CertBundlePath = nullptr  - Libcurl will use whatever was configured at build time.
LogInit: WinSock: version 1.1 (2.2), MaxSocks=32767, MaxUdp=65467
LogVoice:Warning: Failed to initialize voice interface
LogInit: Presizing for max 2097152 objects, including 0 objects not considered by GC, pre-allocating 0 bytes for permanent pool.
LogInit: Object subsystem initialized
[2016.06.22-21.15.22:667][  0]LogInit: Selected Device Profile: [WindowsNoEditor]
[2016.06.22-21.15.22:667][  0]LogInit: Applying CVar settings loaded from the selected device profile: [WindowsNoEditor]
[2016.06.22-21.15.22:677][  0]LogInit: Computer: PROGBOX
[2016.06.22-21.15.22:677][  0]LogInit: User: Guillaume
[2016.06.22-21.15.22:677][  0]LogInit: CPU Page size=65536, Cores=2
[2016.06.22-21.15.22:677][  0]LogInit: High frequency timer resolution =1.753830 MHz
[2016.06.22-21.15.22:678][  0]LogMemory: Memory total: Physical=7.9GB (8GB approx)
[2016.06.22-21.15.22:678][  0]LogMemory: Platform Memory Stats for WindowsNoEditor
[2016.06.22-21.15.22:678][  0]LogMemory: Process Physical Memory: 68.70 MB used, 68.70 MB peak
[2016.06.22-21.15.22:678][  0]LogMemory: Process Virtual Memory: 84.02 MB used, 84.02 MB peak
[2016.06.22-21.15.22:678][  0]LogMemory: Physical Memory: 5280.05 MB used, 8065.27 MB total
[2016.06.22-21.15.22:678][  0]LogMemory: Virtual Memory: 306.13 MB used, 134217728.00 MB total
[2016.06.22-21.15.22:710][  0]LogTextLocalizationManager: No translations for ('fr-CA') exist, falling back to 'en' for localization and internationalization data.
[2016.06.22-21.15.22:847][  0]LogD3D11RHI: D3D11 adapters:
[2016.06.22-21.15.22:853][  0]LogD3D11RHI:    0. 'Intel(R) HD Graphics 4000' (Feature Level 11_0)
[2016.06.22-21.15.22:853][  0]LogD3D11RHI:       32/0/1760 MB DedicatedVideo/DedicatedSystem/SharedSystem, Outputs:1, VendorId:0x8086
[2016.06.22-21.15.22:855][  0]LogD3D11RHI:    1. 'Microsoft Basic Render Driver' (Feature Level 11_0)
[2016.06.22-21.15.22:855][  0]LogD3D11RHI:       0/0/4032 MB DedicatedVideo/DedicatedSystem/SharedSystem, Outputs:0, VendorId:0x1414
[2016.06.22-21.15.22:855][  0]LogD3D11RHI: Chosen D3D11 Adapter: 0
[2016.06.22-21.15.22:862][  0]LogD3D11RHI: Creating new Direct3DDevice
[2016.06.22-21.15.22:862][  0]LogD3D11RHI:     GPU DeviceId: 0x166 (for the marketing name, search the web for "GPU Device Id")
[2016.06.22-21.15.22:862][  0]LogWindows: EnumDisplayDevices:
[2016.06.22-21.15.22:862][  0]LogWindows:    0. 'Intel(R) HD Graphics 4000' (P:1 D:1)
[2016.06.22-21.15.22:863][  0]LogWindows:    1. 'Intel(R) HD Graphics 4000' (P:0 D:0)
[2016.06.22-21.15.22:863][  0]LogWindows:    2. 'Intel(R) HD Graphics 4000' (P:0 D:0)
[2016.06.22-21.15.22:863][  0]LogWindows: DebugString: FoundDriverCount:3 
[2016.06.22-21.15.22:863][  0]LogD3D11RHI:     Adapter Name: Intel(R) HD Graphics 4000
[2016.06.22-21.15.22:863][  0]LogD3D11RHI:   Driver Version: 10.18.10.4276 (internal:10.18.10.4276, unified:10.18.10.4276)
[2016.06.22-21.15.22:863][  0]LogD3D11RHI:      Driver Date: 8-17-2015
[2016.06.22-21.15.22:863][  0]LogRHI: Texture pool is 638 MB (70% of 912 MB)
[2016.06.22-21.15.22:867][  0]LogD3D11RHI: Async texture creation enabled
[2016.06.22-21.15.22:872][  0]LogD3D11RHI: GPU Timing Frequency: 12.500000 (Debug: 2 0)
[2016.06.22-21.15.23:044][  0]LogAssetRegistry: FAssetRegistry took 0.0040 seconds to start up
[2016.06.22-21.15.23:047][  0]LogPackageLocalizationCache: Processed 3 localized package path(s) for 1 prioritized culture(s) in 0.003047 seconds
[2016.06.22-21.15.23:056][  0]LogContentStreaming: Texture pool size is 1000.00 MB
[2016.06.22-21.15.23:056][  0]LogInit: Selected Device Profile: [WindowsNoEditor]
[2016.06.22-21.15.23:223][  0]LogSlate: SlateFontCache - WITH_FREETYPE: 1, WITH_HARFBUZZ: 1
[2016.06.22-21.15.23:223][  0]LogSlate: SlateFontCache - WITH_FREETYPE: 1, WITH_HARFBUZZ: 1
[2016.06.22-21.15.23:287][  0]LogMoviePlayer: Initializing movie player
[2016.06.22-21.15.23:345][  0]LogWindowsMoviePlayer: Unable to load movie: ../../../KnightFight/Content/Movies/Default_Startup.mp4
[2016.06.22-21.15.23:385][  0]LogUObjectArray: 27469 objects as part of root set at end of initial load.
[2016.06.22-21.15.23:385][  0]LogUObjectAllocator: 5470272 out of 0 bytes used by permanent object pool.
[2016.06.22-21.15.23:385][  0]LogUObjectArray: CloseDisregardForGC: 0/0 objects in disregard for GC pool
[2016.06.22-21.15.23:397][  0]LogEngine: Initializing Engine...
[2016.06.22-21.15.23:402][  0]LogHMD: SteamVR failed to initialize.  Err: 104
[2016.06.22-21.15.23:405][  0]LogHMD: SteamVR failed to initialize.  Err: 104
[2016.06.22-21.15.23:437][  0]LogInit: XAudio2 using 'Speakers (Realtek High Definition Audio)' : 2 channels at 48 kHz using 32 bits per sample (channel mask 0x3)
[2016.06.22-21.15.23:462][  0]LogInit: FAudioDevice initialized.
[2016.06.22-21.15.23:462][  0]LogInit: Texture streaming: Enabled
[2016.06.22-21.15.23:462][  0]LogModuleManager:Warning: ModuleManager: Module 'MessagingRpc' not found - its StaticallyLinkedModuleInitializers function is null.
[2016.06.22-21.15.23:462][  0]LogModuleManager:Warning: ModuleManager: Module 'PortalRpc' not found - its StaticallyLinkedModuleInitializers function is null.
[2016.06.22-21.15.23:462][  0]LogModuleManager:Warning: ModuleManager: Module 'PortalServices' not found - its StaticallyLinkedModuleInitializers function is null.
[2016.06.22-21.15.23:477][  0]LogNet: Browse: /Game/Main/MainWorld?Name=Player
[2016.06.22-21.15.23:478][  0]LogLoad: LoadMap: /Game/Main/MainWorld?Name=Player
[2016.06.22-21.15.23:510][  0]LogMemory: Platform Memory Stats for WindowsNoEditor
[2016.06.22-21.15.23:510][  0]LogMemory: Process Physical Memory: 187.78 MB used, 187.78 MB peak
[2016.06.22-21.15.23:510][  0]LogMemory: Process Virtual Memory: 252.60 MB used, 252.61 MB peak
[2016.06.22-21.15.23:510][  0]LogMemory: Physical Memory: 5271.17 MB used, 8065.27 MB total
[2016.06.22-21.15.23:510][  0]LogMemory: Virtual Memory: 601.29 MB used, 134217728.00 MB total
[2016.06.22-21.15.23:510][  0]LogMemory: 
[2016.06.22-21.15.23:511][  0]LogMemory: Allocator Stats for binned:
[2016.06.22-21.15.23:511][  0]LogMemory: Current Memory 77.11 MB used, plus 5.89 MB waste
[2016.06.22-21.15.23:511][  0]LogMemory: Peak Memory 79.11 MB used, plus 5.51 MB waste
[2016.06.22-21.15.23:511][  0]LogMemory: Current OS Memory 83.00 MB, peak 84.63 MB
[2016.06.22-21.15.23:511][  0]LogMemory: Current Waste 1.10 MB, peak 1.39 MB
[2016.06.22-21.15.23:511][  0]LogMemory: Current Used 77.11 MB, peak 79.11 MB
[2016.06.22-21.15.23:511][  0]LogMemory: Current Slack 4.79 MB
[2016.06.22-21.15.23:511][  0]LogMemory: Allocs       139730 Current /  903622 Total
[2016.06.22-21.15.23:511][  0]LogMemory: 
[2016.06.22-21.15.23:511][  0]LogMemory: Block Size Num Pools Max Pools Cur Allocs Total Allocs Min Req Max Req Mem Used Mem Slack Mem Waste Efficiency
[2016.06.22-21.15.23:511][  0]LogMemory: ---------- --------- --------- ---------- ------------ ------- ------- -------- --------- --------- ----------
[2016.06.22-21.15.23:511][  0]LogMemory:          8         0         0          0            0       8       0       0K        0K        0K    100.00%
[2016.06.22-21.15.23:511][  0]LogMemory:         16         7         7      21733       282032      16      16     339K      109K        0K    100.00%
[2016.06.22-21.15.23:511][  0]LogMemory:         32        11        11      21237        88919      17      32     663K       41K       61K     91.34%
[2016.06.22-21.15.23:511][  0]LogMemory:         48         8         8       9681        46281      33      48     453K       59K       53K     89.65%
[2016.06.22-21.15.23:511][  0]LogMemory:         64        20        20      19826        92047      49      64    1239K       41K      137K     89.30%
[2016.06.22-21.15.23:511][  0]LogMemory:         80        11        11       8432        81201      65      80     658K       46K       42K     94.03%
[2016.06.22-21.15.23:511][  0]LogMemory:         96         5         5       3262        44232      81      96     305K       15K       18K     94.38%
[2016.06.22-21.15.23:511][  0]LogMemory:        112         4         5       2224        18771      97     112     243K       13K       16K     93.75%
[2016.06.22-21.15.23:511][  0]LogMemory:        128        18        18       8560        28366     114     128    1070K       82K       39K     96.61%
[2016.06.22-21.15.23:511][  0]LogMemory:        160        41        41      16709        39846     129     160    2610K       11K      187K     92.87%
[2016.06.22-21.15.23:511][  0]LogMemory:        192        24        24       7679        21071     161     192    1439K       96K      104K     93.23%
[2016.06.22-21.15.23:511][  0]LogMemory:        224         5         5       1256        33466     193     224     274K       46K       19K     94.06%
[2016.06.22-21.15.23:511][  0]LogMemory:        256         4         4        914         9671     226     256     228K       28K       12K     95.31%
[2016.06.22-21.15.23:511][  0]LogMemory:        288        26        47       5675        36333     257     288    1596K       64K      157K     90.56%
[2016.06.22-21.15.23:511][  0]LogMemory:        320         3         3        463        26815     290     320     144K       48K        1K     99.48%
[2016.06.22-21.15.23:511][  0]LogMemory:        384        19        19       3144         7812     322     384    1179K       33K      109K     91.04%
[2016.06.22-21.15.23:511][  0]LogMemory:        448         4         4        531        15441     386     448     232K       24K       20K     92.19%
[2016.06.22-21.15.23:511][  0]LogMemory:        512         5         5        589        10001     450     512     294K       26K       13K     95.94%
[2016.06.22-21.15.23:511][  0]LogMemory:        576        30        31       3167         5080     514     576    1781K      126K       79K     95.89%
[2016.06.22-21.15.23:511][  0]LogMemory:        640         7         8        641         1297     578     640     400K       47K       24K     94.64%
[2016.06.22-21.15.23:511][  0]LogMemory:        704         9         9        579         1305     642     704     398K      178K       23K     96.01%
[2016.06.22-21.15.23:511][  0]LogMemory:        768        10        10        541         1083     705     768     405K      233K        6K     99.06%
[2016.06.22-21.15.23:511][  0]LogMemory:        896         4         4        198          803     769     896     173K       83K        8K     96.88%
[2016.06.22-21.15.23:511][  0]LogMemory:       1024         7         8        287          882     904    1024     287K      161K       14K     96.88%
[2016.06.22-21.15.23:511][  0]LogMemory:       1168         6         6        280          646    1025    1168     319K       65K       23K     94.01%
[2016.06.22-21.15.23:511][  0]LogMemory:       1360         5         5        196         1087    1171    1360     260K       59K       26K     91.88%
[2016.06.22-21.15.23:511][  0]LogMemory:       1632        10        11        381          749    1361    1632     607K       31K       46K     92.81%
[2016.06.22-21.15.23:511][  0]LogMemory:       2048        13        13        271          940    1635    2048     542K      290K       55K     93.39%
[2016.06.22-21.15.23:511][  0]LogMemory:       2336         6         6        121         1819    2050    2336     276K      108K       30K     92.19%
[2016.06.22-21.15.23:511][  0]LogMemory:       2720         4         4         81          453    2342    2717     215K       40K       11K     95.70%
[2016.06.22-21.15.23:511][  0]LogMemory:       3264        10        12        139         1249    2728    3264     443K      195K       28K     95.63%
[2016.06.22-21.15.23:511][  0]LogMemory:       4096        22        29        206          787    3270    4096     824K      584K       73K     94.82%
[2016.06.22-21.15.23:511][  0]LogMemory:       4672        15        16        107          399    4103    4672     488K      471K       26K     97.29%
[2016.06.22-21.15.23:511][  0]LogMemory:       5456        19        25        105          412    4679    5451     559K      656K       47K     96.13%
[2016.06.22-21.15.23:511][  0]LogMemory:       6544        20        21        129          382    5463    6540     824K      455K       65K     94.92%
[2016.06.22-21.15.23:511][  0]LogMemory:       8192        13        15         67          933    6553    8192     536K      296K       41K     95.07%
[2016.06.22-21.15.23:511][  0]LogMemory:       9360         7         8         48          110    8224    9360     438K       10K       25K     94.42%
[2016.06.22-21.15.23:511][  0]LogMemory:      10912         6         7         35           62    9361   10895     372K       12K       36K     90.63%
[2016.06.22-21.15.23:511][  0]LogMemory:      13104        12        12         57           94   10944   13056     729K       39K       62K     91.93%
[2016.06.22-21.15.23:511][  0]LogMemory:      16384        10        13         40          160   13109   16384     640K        0K       46K     92.81%
[2016.06.22-21.15.23:511][  0]LogMemory:      21840        16        18         48          108   16400   21063    1023K        1K      169K     83.50%
[2016.06.22-21.15.23:511][  0]LogMemory:      32768        10        12         20           77   21904   32640     640K        0K      138K     78.44%
[2016.06.22-21.15.23:511][  0]LogMemory:      49152         3         4         12          225       0   49152     576K        0K      177K     69.27%
[2016.06.22-21.15.23:511][  0]LogMemory:      98304         2         3          8           20       0   97280     768K        0K      186K     75.78%
[2016.06.22-21.15.23:511][  0]LogMemory: 
[2016.06.22-21.15.23:512][  0]LogMemory: 32448K allocated in pools (with 4922K slack and 2452K waste). Efficiency 92.44%
[2016.06.22-21.15.23:512][  0]LogMemory: Allocations 139680 Current / 903468 Total (in 491 pools)
[2016.06.22-21.15.23:512][  0]LogMemory: 
[2016.06.22-21.15.23:523][  0]LogAIModule: Creating AISystem for world MainWorld
[2016.06.22-21.15.23:524][  0]LogWorld: Game class is 'MainMode_C'
[2016.06.22-21.15.23:525][  0]LogWorld: Bringing World /Game/Main/MainWorld.MainWorld up for play (max tick rate 0) at 2016.06.22-17.15.23
[2016.06.22-21.15.23:525][  0]LogWorld: Bringing up level for play took: 0.000515
[2016.06.22-21.15.23:525][  0]LogGameMode: Warning - PATHS NOT DEFINED or NO PLAYERSTART with positive rating
[2016.06.22-21.15.23:989][  0]LogBlueprintUserMessages: [MainHUD_C_0] Finding...
[2016.06.22-21.15.23:992][  0]LogInit: WinSock: I am ProgBox (192.168.1.104:0)
[2016.06.22-21.15.23:993][  0]LogLoad: Took 0.515543 seconds to LoadMap(/Game/Main/MainWorld)
[2016.06.22-21.15.23:993][  0]LogInit:Display: Game Engine Initialized.
[2016.06.22-21.15.24:194][  0]LogLoad: Full Startup: 2.45 seconds (BP compile: 0.00 seconds)
[2016.06.22-21.15.24:194][  0]LogExternalProfiler: Found external profiler: VSPerf
[2016.06.22-21.15.24:194][  0]LogExternalProfiler: Using external profiler: VSPerf
[2016.06.22-21.15.24:211][  0]LogOcInput: OculusInput pre-init called
[2016.06.22-21.15.24:348][  2]LogRenderer: Reallocating scene render targets to support 1368x768 (Frame:2).
[2016.06.22-21.15.27:495][ 70]LogNet: Browse: /Game/Lobby/LobbyWorld?listen
[2016.06.22-21.15.27:535][ 70]LogLoad: LoadMap: /Game/Lobby/LobbyWorld?listen
[2016.06.22-21.15.27:568][ 70]LogMemory: Platform Memory Stats for WindowsNoEditor
[2016.06.22-21.15.27:568][ 70]LogMemory: Process Physical Memory: 351.00 MB used, 351.00 MB peak
[2016.06.22-21.15.27:568][ 70]LogMemory: Process Virtual Memory: 462.83 MB used, 462.83 MB peak
[2016.06.22-21.15.27:568][ 70]LogMemory: Physical Memory: 5351.99 MB used, 8065.27 MB total
[2016.06.22-21.15.27:568][ 70]LogMemory: Virtual Memory: 854.06 MB used, 134217728.00 MB total
[2016.06.22-21.15.27:568][ 70]LogMemory: 
[2016.06.22-21.15.27:569][ 70]LogMemory: Allocator Stats for binned:
[2016.06.22-21.15.27:569][ 70]LogMemory: Current Memory 83.07 MB used, plus 6.31 MB waste
[2016.06.22-21.15.27:569][ 70]LogMemory: Peak Memory 86.21 MB used, plus 5.79 MB waste
[2016.06.22-21.15.27:569][ 70]LogMemory: Current OS Memory 89.38 MB, peak 92.00 MB
[2016.06.22-21.15.27:569][ 70]LogMemory: Current Waste 1.32 MB, peak 1.41 MB
[2016.06.22-21.15.27:569][ 70]LogMemory: Current Used 83.07 MB, peak 86.21 MB
[2016.06.22-21.15.27:569][ 70]LogMemory: Current Slack 4.99 MB
[2016.06.22-21.15.27:569][ 70]LogMemory: Allocs       142107 Current /  958568 Total
[2016.06.22-21.15.27:569][ 70]LogMemory: 
[2016.06.22-21.15.27:569][ 70]LogMemory: Block Size Num Pools Max Pools Cur Allocs Total Allocs Min Req Max Req Mem Used Mem Slack Mem Waste Efficiency
[2016.06.22-21.15.27:569][ 70]LogMemory: ---------- --------- --------- ---------- ------------ ------- ------- -------- --------- --------- ----------
[2016.06.22-21.15.27:569][ 70]LogMemory:          8         0         0          0            0       8       0       0K        0K        0K    100.00%
[2016.06.22-21.15.27:569][ 70]LogMemory:         16         7         7      22002       287451      16      16     343K      105K        0K    100.00%
[2016.06.22-21.15.27:569][ 70]LogMemory:         32        11        11      21846        92511      17      32     682K       22K       63K     91.05%
[2016.06.22-21.15.27:569][ 70]LogMemory:         48         8         8      10078        52021      33      48     472K       40K       52K     89.84%
[2016.06.22-21.15.27:569][ 70]LogMemory:         64        20        20      20159        98826      49      64    1259K       21K      139K     89.14%
[2016.06.22-21.15.27:569][ 70]LogMemory:         80        11        11       8522        85312      65      80     665K       39K       42K     94.03%
[2016.06.22-21.15.27:569][ 70]LogMemory:         96         6         6       3355        52738      81      96     314K       70K       20K     94.79%
[2016.06.22-21.15.27:569][ 70]LogMemory:        112         4         5       2296        20848      97     112     251K        5K       16K     93.75%
[2016.06.22-21.15.27:569][ 70]LogMemory:        128        18        18       8615        29518     114     128    1076K       76K       40K     96.53%
[2016.06.22-21.15.27:569][ 70]LogMemory:        160        42        42      16849        41292     129     160    2632K       53K      190K     92.93%
[2016.06.22-21.15.27:569][ 70]LogMemory:        192        24        24       7727        23197     161     192    1448K       87K      105K     93.16%
[2016.06.22-21.15.27:569][ 70]LogMemory:        224         5         5       1273        35991     193     224     278K       42K       19K     94.06%
[2016.06.22-21.15.27:569][ 70]LogMemory:        256         4         4        979        11020     226     256     244K       12K       13K     94.92%
[2016.06.22-21.15.27:569][ 70]LogMemory:        288        26        47       5684        37380     257     288    1598K       62K      155K     90.69%
[2016.06.22-21.15.27:569][ 70]LogMemory:        320         3         3        469        28002     290     320     146K       46K        1K     99.48%
[2016.06.22-21.15.27:569][ 70]LogMemory:        384        19        19       3176        10103     322     384    1191K       21K      108K     91.12%
[2016.06.22-21.15.27:569][ 70]LogMemory:        448         4         4        538        15921     386     448     235K       21K       20K     92.19%
[2016.06.22-21.15.27:569][ 70]LogMemory:        512         5         6        591        11412     450     512     295K       25K       11K     96.56%
[2016.06.22-21.15.27:569][ 70]LogMemory:        576        30        31       3193         5439     514     576    1796K      111K       84K     95.63%
[2016.06.22-21.15.27:569][ 70]LogMemory:        640         7         8        641         1442     578     640     400K       47K       23K     94.87%
[2016.06.22-21.15.27:569][ 70]LogMemory:        704         9         9        591         1401     642     704     406K      170K       23K     96.01%
[2016.06.22-21.15.27:569][ 70]LogMemory:        768        10        10        546         1176     705     768     409K      229K        7K     98.91%
[2016.06.22-21.15.27:569][ 70]LogMemory:        896         4         4        206          865     769     896     180K       76K        8K     96.88%
[2016.06.22-21.15.27:569][ 70]LogMemory:       1024         7         8        285         1916     904    1024     285K      163K        9K     97.99%
[2016.06.22-21.15.27:569][ 70]LogMemory:       1168         6         6        288         1265    1025    1168     328K       56K       16K     95.83%
[2016.06.22-21.15.27:569][ 70]LogMemory:       1360         5         5        199         1267    1171    1360     264K       55K       25K     92.19%
[2016.06.22-21.15.27:569][ 70]LogMemory:       1632        11        11        380          786    1361    1632     605K       97K       45K     93.61%
[2016.06.22-21.15.27:569][ 70]LogMemory:       2048        13        13        273         1225    1635    2048     546K      286K       50K     93.99%
[2016.06.22-21.15.27:569][ 70]LogMemory:       2336         6         6        119         1892    2050    2336     271K      113K       29K     92.45%
[2016.06.22-21.15.27:569][ 70]LogMemory:       2720         4         4         84          461    2341    2717     223K       32K       12K     95.31%
[2016.06.22-21.15.27:570][ 70]LogMemory:       3264        10        12        141         1259    2728    3264     449K      189K       29K     95.47%
[2016.06.22-21.15.27:570][ 70]LogMemory:       4096        22        29        204          913    3270    4096     816K      592K       76K     94.60%
[2016.06.22-21.15.27:570][ 70]LogMemory:       4672        15        16        105          415    4103    4672     479K      480K       25K     97.40%
[2016.06.22-21.15.27:570][ 70]LogMemory:       5456        19        25        105          418    4679    5451     559K      656K       47K     96.13%
[2016.06.22-21.15.27:570][ 70]LogMemory:       6544        20        21        129          391    5463    6540     824K      455K       65K     94.92%
[2016.06.22-21.15.27:570][ 70]LogMemory:       8192        13        15         68         1037    6553    8192     544K      288K       44K     94.71%
[2016.06.22-21.15.27:570][ 70]LogMemory:       9360         8         8         51          118    8224    9360     466K       46K       27K     94.73%
[2016.06.22-21.15.27:570][ 70]LogMemory:      10912         6         7         32          134    9361   10895     341K       43K       27K     92.97%
[2016.06.22-21.15.27:570][ 70]LogMemory:      13104        12        12         60           97   10944   13056     767K        1K       65K     91.54%
[2016.06.22-21.15.27:570][ 70]LogMemory:      16384        11        14         41          175   13109   16384     656K       48K       47K     93.32%
[2016.06.22-21.15.27:570][ 70]LogMemory:      21840        16        18         47          114   16400   21063    1002K       22K      166K     83.79%
[2016.06.22-21.15.27:570][ 70]LogMemory:      32768        11        12         21           82   21904   32640     672K       32K      146K     79.26%
[2016.06.22-21.15.27:570][ 70]LogMemory:      49152         4         5         14          231       0   49152     672K       96K      207K     73.05%
[2016.06.22-21.15.27:570][ 70]LogMemory:      98304         2         3          8           22       0   97280     768K        0K      192K     75.00%
[2016.06.22-21.15.27:570][ 70]LogMemory: 
[2016.06.22-21.15.27:570][ 70]LogMemory: 33024K allocated in pools (with 5130K slack and 2488K waste). Efficiency 92.47%
[2016.06.22-21.15.27:570][ 70]LogMemory: Allocations 141991 Current / 958085 Total (in 498 pools)
[2016.06.22-21.15.27:570][ 70]LogMemory: 
[2016.06.22-21.15.27:581][ 70]LogAIModule: Creating AISystem for world LobbyWorld
[2016.06.22-21.15.27:581][ 70]LogWorld: Game class is 'LobbyMode_C'
[2016.06.22-21.15.27:581][ 70]LogInit: WinSock: Socket queue 131072 / 131072
[2016.06.22-21.15.27:582][ 70]PacketHandlerLog: Loaded PacketHandler component: Engine.EngineHandlerComponentFactory (StatelessConnectHandlerComponent)
[2016.06.22-21.15.27:582][ 70]LogNet: GameNetDriver IpNetDriver_0 IpNetDriver listening on port 7777
[2016.06.22-21.15.27:583][ 70]LogWorld: Bringing World /Game/Lobby/LobbyWorld.LobbyWorld up for play (max tick rate 0) at 2016.06.22-17.15.27
[2016.06.22-21.15.27:583][ 70]LogWorld: Bringing up level for play took: 0.000576
[2016.06.22-21.15.27:584][ 70]LogGameMode: Warning - PATHS NOT DEFINED or NO PLAYERSTART with positive rating
[2016.06.22-21.15.27:584][ 70]LogOnline:Warning: NULL: Can't start an online session (Game) in state InProgress
[2016.06.22-21.15.27:586][ 70]LogLoad: Took 0.051164 seconds to LoadMap(/Game/Lobby/LobbyWorld)
[2016.06.22-21.20.07:550][372]LogNet: Browse: /Game/Main/MainWorld
[2016.06.22-21.20.07:588][372]LogLoad: LoadMap: /Game/Main/MainWorld
[2016.06.22-21.20.07:589][372]LogNet: World NetDriver shutdown IpNetDriver_0 [GameNetDriver]
[2016.06.22-21.20.07:589][372]LogNet: DestroyNamedNetDriver IpNetDriver_0 [GameNetDriver]
[2016.06.22-21.20.07:589][372]LogExit: GameNetDriver IpNetDriver_0 shut down
[2016.06.22-21.20.07:633][372]LogMemory: Platform Memory Stats for WindowsNoEditor
[2016.06.22-21.20.07:633][372]LogMemory: Process Physical Memory: 349.80 MB used, 401.38 MB peak
[2016.06.22-21.20.07:633][372]LogMemory: Process Virtual Memory: 463.64 MB used, 520.01 MB peak
[2016.06.22-21.20.07:633][372]LogMemory: Physical Memory: 5581.49 MB used, 8065.27 MB total
[2016.06.22-21.20.07:633][372]LogMemory: Virtual Memory: 830.98 MB used, 134217728.00 MB total
[2016.06.22-21.20.07:633][372]LogMemory: 
[2016.06.22-21.20.07:634][372]LogMemory: Allocator Stats for binned:
[2016.06.22-21.20.07:634][372]LogMemory: Current Memory 83.52 MB used, plus 6.36 MB waste
[2016.06.22-21.20.07:634][372]LogMemory: Peak Memory 86.45 MB used, plus 5.74 MB waste
[2016.06.22-21.20.07:634][372]LogMemory: Current OS Memory 89.88 MB, peak 92.19 MB
[2016.06.22-21.20.07:634][372]LogMemory: Current Waste 1.32 MB, peak 1.41 MB
[2016.06.22-21.20.07:634][372]LogMemory: Current Used 83.52 MB, peak 86.45 MB
[2016.06.22-21.20.07:634][372]LogMemory: Current Slack 5.04 MB
[2016.06.22-21.20.07:634][372]LogMemory: Allocs       142311 Current /  2282163 Total
[2016.06.22-21.20.07:634][372]LogMemory: 
[2016.06.22-21.20.07:634][372]LogMemory: Block Size Num Pools Max Pools Cur Allocs Total Allocs Min Req Max Req Mem Used Mem Slack Mem Waste Efficiency
[2016.06.22-21.20.07:634][372]LogMemory: ---------- --------- --------- ---------- ------------ ------- ------- -------- --------- --------- ----------
[2016.06.22-21.20.07:634][372]LogMemory:          8         0         0          0            0       8       0       0K        0K        0K    100.00%
[2016.06.22-21.20.07:634][372]LogMemory:         16         7         7      22027       373803      16      16     344K      104K        0K    100.00%
[2016.06.22-21.20.07:634][372]LogMemory:         32        11        11      21901       228661      17      32     684K       20K       59K     91.62%
[2016.06.22-21.20.07:635][372]LogMemory:         48         8         8      10151       179698      33      48     475K       37K       30K     94.14%
[2016.06.22-21.20.07:635][372]LogMemory:         64        20        20      20165       185692      49      64    1260K       20K       85K     93.36%
[2016.06.22-21.20.07:635][372]LogMemory:         80        11        11       8532        99366      65      80     666K       38K       37K     94.74%
[2016.06.22-21.20.07:635][372]LogMemory:         96         6         6       3358       495747      81      96     314K       70K       24K     93.75%
[2016.06.22-21.20.07:635][372]LogMemory:        112         4         5       2297        27737      97     112     251K        5K       13K     94.92%
[2016.06.22-21.20.07:635][372]LogMemory:        128        18        18       8619        43325     114     128    1077K       75K       29K     97.48%
[2016.06.22-21.20.07:635][372]LogMemory:        160        42        42      16848        60632     129     160    2632K       53K      146K     94.57%
[2016.06.22-21.20.07:635][372]LogMemory:        192        24        24       7729       101772     161     192    1449K       86K      110K     92.84%
[2016.06.22-21.20.07:635][372]LogMemory:        224         5         5       1275        88631     193     224     278K       42K       19K     94.06%
[2016.06.22-21.20.07:635][372]LogMemory:        256         4         4        979        13134     226     256     244K       12K       12K     95.31%
[2016.06.22-21.20.07:635][372]LogMemory:        288        26        47       5683        37497     257     288    1598K       62K      155K     90.69%
[2016.06.22-21.20.07:635][372]LogMemory:        320         3         3        468        40840     290     320     146K       46K        0K    100.00%
[2016.06.22-21.20.07:635][372]LogMemory:        384        19        19       3185        56990     322     384    1194K       18K       82K     93.26%
[2016.06.22-21.20.07:635][372]LogMemory:        448         4         4        538        22272     386     448     235K       21K       22K     91.41%
[2016.06.22-21.20.07:635][372]LogMemory:        512         5         6        591        11679     450     512     295K       25K       11K     96.56%
[2016.06.22-21.20.07:635][372]LogMemory:        576        30        31       3194        11814     514     576    1796K      111K      139K     92.76%
[2016.06.22-21.20.07:635][372]LogMemory:        640         7         8        641         7734     578     640     400K       47K       13K     97.10%
[2016.06.22-21.20.07:635][372]LogMemory:        704         9         9        591         7721     642     704     406K      170K       26K     95.49%
[2016.06.22-21.20.07:635][372]LogMemory:        768        10        10        545         7494     705     768     408K      230K        9K     98.59%
[2016.06.22-21.20.07:635][372]LogMemory:        896         4         4        204          918     769     896     178K       78K        8K     96.88%
[2016.06.22-21.20.07:635][372]LogMemory:       1024         7         8        285        90237     902    1024     285K      163K        4K     99.11%
[2016.06.22-21.20.07:635][372]LogMemory:       1168         6         6        287        21828    1025    1168     327K       57K        7K     98.18%
[2016.06.22-21.20.07:635][372]LogMemory:       1360         5         5        200         3663    1171    1360     265K       54K       17K     94.69%
[2016.06.22-21.20.07:635][372]LogMemory:       1632        11        11        381          902    1361    1632     607K       95K       48K     93.18%
[2016.06.22-21.20.07:635][372]LogMemory:       2048        13        13        278         8602    1635    2048     556K      276K       34K     95.91%
[2016.06.22-21.20.07:635][372]LogMemory:       2336         6         6        120         1976    2050    2336     273K      111K       30K     92.19%
[2016.06.22-21.20.07:635][372]LogMemory:       2720         4         4         84          466    2341    2717     223K       32K       12K     95.31%
[2016.06.22-21.20.07:635][372]LogMemory:       3264        10        12        142         1267    2728    3264     452K      186K       29K     95.47%
[2016.06.22-21.20.07:635][372]LogMemory:       4096        22        29        204         7231    3270    4096     816K      592K      140K     90.06%
[2016.06.22-21.20.07:635][372]LogMemory:       4672        15        16        107          449    4103    4672     488K      471K       24K     97.50%
[2016.06.22-21.20.07:635][372]LogMemory:       5456        19        25        104          425    4679    5451     554K      661K       47K     96.13%
[2016.06.22-21.20.07:635][372]LogMemory:       6544        20        21        129          399    5463    6540     824K      455K       64K     95.00%
[2016.06.22-21.20.07:635][372]LogMemory:       8192        13        15         68         7365    6553    8192     544K      288K       74K     91.11%
[2016.06.22-21.20.07:635][372]LogMemory:       9360         8         8         52          123    8224    9360     475K       37K       29K     94.34%
[2016.06.22-21.20.07:635][372]LogMemory:      10912         6         7         32         6439    9361   10895     341K       43K       21K     94.53%
[2016.06.22-21.20.07:635][372]LogMemory:      13104        13        13         63          100   10944   13056     806K       26K       68K     91.83%
[2016.06.22-21.20.07:635][372]LogMemory:      16384        13        14         45          189   13109   16384     720K      112K       52K     93.75%
[2016.06.22-21.20.07:635][372]LogMemory:      21840        16        18         47          118   16400   21063    1002K       22K      167K     83.69%
[2016.06.22-21.20.07:635][372]LogMemory:      32768        11        12         21           84   21904   32640     672K       32K      147K     79.12%
[2016.06.22-21.20.07:635][372]LogMemory:      49152         4         5         14          236       0   49152     672K       96K      207K     73.05%
[2016.06.22-21.20.07:635][372]LogMemory:      98304         2         3          8           24       0   97280     768K        0K      197K     74.35%
[2016.06.22-21.20.07:635][372]LogMemory: 
[2016.06.22-21.20.07:635][372]LogMemory: 33216K allocated in pools (with 5179K slack and 2447K waste). Efficiency 92.63%
[2016.06.22-21.20.07:635][372]LogMemory: Allocations 142193 Current / 2255281 Total (in 501 pools)
[2016.06.22-21.20.07:635][372]LogMemory: 
[2016.06.22-21.20.07:650][372]LogAIModule: Creating AISystem for world MainWorld
[2016.06.22-21.20.07:650][372]LogWorld: Game class is 'MainMode_C'
[2016.06.22-21.20.07:652][372]LogWorld: Bringing World /Game/Main/MainWorld.MainWorld up for play (max tick rate 0) at 2016.06.22-17.20.07
[2016.06.22-21.20.07:652][372]LogWorld: Bringing up level for play took: 0.000949
[2016.06.22-21.20.07:653][372]LogGameMode: Warning - PATHS NOT DEFINED or NO PLAYERSTART with positive rating
[2016.06.22-21.20.07:655][372]LogBlueprintUserMessages: [MainHUD_C_0] Finding...
[2016.06.22-21.20.07:657][372]LogLoad: Took 0.068844 seconds to LoadMap(/Game/Main/MainWorld)
[2016.06.22-21.20.12:844][498]LogBlueprintUserMessages: [MainHUD_C_0] Finding...
[2016.06.22-21.20.18:131][626]LogBlueprintUserMessages: [MainHUD_C_0] Finding...
[2016.06.22-21.20.23:418][754]LogBlueprintUserMessages: [MainHUD_C_0] Finding...
[2016.06.22-21.20.28:662][881]Closing by request
[2016.06.22-21.20.28:662][881]LogWindows: FPlatformMisc::RequestExit(0)
[2016.06.22-21.20.28:708][882]LogMoviePlayer: Shutting down movie player
[2016.06.22-21.20.29:570][882]LogSlate: Window 'KnightFight' being destroyed
[2016.06.22-21.20.29:571][882]LogWindowsTextInputMethodSystem:Display: IME system now deactivated.
[2016.06.22-21.20.29:699][882]LogExit: Preparing to exit.
[2016.06.22-21.20.29:759][882]LogExit: Game engine shut down
[2016.06.22-21.20.29:852][882]LogObj: Freed 32b from 1 cluster array pools.
[2016.06.22-21.20.29:852][882]LogExit: Object subsystem successfully closed.
[2016.06.22-21.20.29:861][882]LogD3D11RHI: Shutdown
[2016.06.22-21.20.29:861][882]LogD3D11RHI: CleanupD3DDevice
[2016.06.22-21.20.29:900][882]LogD3D11RHI: ~FD3D11DynamicRHI
[2016.06.22-21.20.29:900][882]LogModuleManager: Shutting down and abandoning module AutomationController (65)
[2016.06.22-21.20.29:900][882]LogModuleManager: Shutting down and abandoning module AutomationWorker (64)
[2016.06.22-21.20.29:900][882]LogModuleManager: Shutting down and abandoning module CharacterAI (63)
[2016.06.22-21.20.29:900][882]LogModuleManager: Shutting down and abandoning module SessionServices (62)
[2016.06.22-21.20.29:900][882]LogModuleManager: Shutting down and abandoning module GameplayDebugger (61)
[2016.06.22-21.20.29:900][882]LogModuleManager: Shutting down and abandoning module AIModule (60)
[2016.06.22-21.20.29:900][882]LogModuleManager: Shutting down and abandoning module StreamingPauseRendering (59)
[2016.06.22-21.20.29:900][882]LogModuleManager: Shutting down and abandoning module AnalyticsET (58)
[2016.06.22-21.20.29:900][882]LogModuleManager: Shutting down and abandoning module Analytics (57)
[2016.06.22-21.20.29:900][882]LogModuleManager: Shutting down and abandoning module ProfilerService (53)
[2016.06.22-21.20.29:978][882]LogModuleManager: Shutting down and abandoning module TaskGraph (52)
[2016.06.22-21.20.29:978][882]LogModuleManager: Shutting down and abandoning module HTML5Networking (51)
[2016.06.22-21.20.29:978][882]LogModuleManager: Shutting down and abandoning module ArchVisCharacter (50)
[2016.06.22-21.20.29:978][882]LogModuleManager: Shutting down and abandoning module CableComponent (49)
[2016.06.22-21.20.29:978][882]LogModuleManager: Shutting down and abandoning module CustomMeshComponent (48)
[2016.06.22-21.20.29:978][882]LogModuleManager: Shutting down and abandoning module OculusInput (47)
[2016.06.22-21.20.29:978][882]LogModuleManager: Shutting down and abandoning module OculusLibrary (46)
[2016.06.22-21.20.29:978][882]LogModuleManager: Shutting down and abandoning module ProceduralMeshComponent (45)
[2016.06.22-21.20.29:978][882]LogModuleManager: Shutting down and abandoning module SteamVRController (44)
[2016.06.22-21.20.29:978][882]LogModuleManager: Shutting down and abandoning module SteamVR (43)
[2016.06.22-21.20.29:978][882]LogModuleManager: Shutting down and abandoning module SlateRemote (42)
[2016.06.22-21.20.29:978][882]LogModuleManager: Shutting down and abandoning module KnightFight (41)
[2016.06.22-21.20.29:978][882]LogModuleManager: Shutting down and abandoning module Paper2D (40)
[2016.06.22-21.20.29:979][882]LogModuleManager: Shutting down and abandoning module LightPropagationVolumeRuntime (39)
[2016.06.22-21.20.29:979][882]LogModuleManager: Shutting down and abandoning module UdpMessaging (38)
[2016.06.22-21.20.29:979][882]LogModuleManager: Shutting down and abandoning module Media (37)
[2016.06.22-21.20.29:979][882]LogModuleManager: Shutting down and abandoning module WmfMedia (36)
[2016.06.22-21.20.29:979][882]LogModuleManager: Shutting down and abandoning module WindowsMoviePlayer (35)
[2016.06.22-21.20.29:979][882]LogModuleManager: Shutting down and abandoning module ImageWrapper (34)
[2016.06.22-21.20.29:979][882]LogModuleManager: Shutting down and abandoning module MediaAssets (33)
[2016.06.22-21.20.29:979][882]LogModuleManager: Shutting down and abandoning module GameLiveStreaming (32)
[2016.06.22-21.20.29:979][882]LogModuleManager: Shutting down and abandoning module UMG (31)
[2016.06.22-21.20.29:979][882]LogModuleManager: Shutting down and abandoning module SlateReflector (30)
[2016.06.22-21.20.29:979][882]LogModuleManager: Shutting down and abandoning module Slate (29)
[2016.06.22-21.20.29:979][882]LogModuleManager: Shutting down and abandoning module Messaging (28)
[2016.06.22-21.20.29:979][882]LogModuleManager: Shutting down and abandoning module HeadMountedDisplay (27)
[2016.06.22-21.20.29:979][882]LogModuleManager: Shutting down and abandoning module XAudio2 (26)
[2016.06.22-21.20.29:979][882]LogModuleManager: Shutting down and abandoning module Networking (25)
[2016.06.22-21.20.29:979][882]LogModuleManager: Shutting down and abandoning module Core (24)
[2016.06.22-21.20.29:979][882]LogModuleManager: Shutting down and abandoning module AssetRegistry (23)
[2016.06.22-21.20.29:979][882]LogModuleManager: Shutting down and abandoning module InputCore (22)
[2016.06.22-21.20.29:979][882]LogModuleManager: Shutting down and abandoning module Voice (20)
[2016.06.22-21.20.29:979][882]LogModuleManager: Shutting down and abandoning module OnlineSubsystem (17)
[2016.06.22-21.20.29:979][882]LogOnline:Display: NULL: FOnlineSubsystemNull::Shutdown()
[2016.06.22-21.20.29:980][882]LogOnline:Display: Unloading online subsystem: Null
[2016.06.22-21.20.29:980][882]LogModuleManager: Shutting down and abandoning module HTTP (16)
[2016.06.22-21.20.32:985][882]LogModuleManager: Shutting down and abandoning module ExampleDeviceProfileSelector (15)
[2016.06.22-21.20.32:985][882]LogModuleManager: Shutting down and abandoning module OculusRift (14)
[2016.06.22-21.20.32:985][882]LogModuleManager: Shutting down and abandoning module ShaderCore (13)
[2016.06.22-21.20.32:985][882]LogModuleManager: Shutting down and abandoning module Landscape (12)
[2016.06.22-21.20.32:986][882]LogModuleManager: Shutting down and abandoning module SlateRHIRenderer (11)
[2016.06.22-21.20.32:986][882]LogModuleManager: Shutting down and abandoning module OpenGLDrv (10)
[2016.06.22-21.20.32:986][882]LogModuleManager: Shutting down and abandoning module D3D11RHI (9)
[2016.06.22-21.20.32:986][882]LogModuleManager: Shutting down and abandoning module AnimGraphRuntime (8)
[2016.06.22-21.20.32:986][882]LogModuleManager: Shutting down and abandoning module Renderer (7)
[2016.06.22-21.20.32:986][882]LogModuleManager: Shutting down and abandoning module Engine (6)
[2016.06.22-21.20.32:986][882]LogModuleManager: Shutting down and abandoning module CoreUObject (5)
[2016.06.22-21.20.32:986][882]LogModuleManager: Shutting down and abandoning module NetworkFile (4)
[2016.06.22-21.20.32:986][882]LogModuleManager: Shutting down and abandoning module StreamingFile (3)
[2016.06.22-21.20.32:986][882]LogModuleManager: Shutting down and abandoning module SandboxFile (2)
[2016.06.22-21.20.32:986][882]LogModuleManager: Shutting down and abandoning module PakFile (1)
[2016.06.22-21.20.32:986][882]LogExit: Exiting.
[2016.06.22-21.20.32:989][882]Log file closed, 06/22/16 17:20:32
