Log file open, 06/22/16 17:15:31
LogPlatformFile: Not using cached read wrapper
LogInit:Display: RandInit(-1630734773) SRandInit(-1630734768).
LogTaskGraph: Started task graph with 4 named threads and 5 total threads with 1 sets of task threads.
LogStats: Stats thread started at 0.694315
LogInit: Version: 4.12.2-3005592+++UE4+Release-4.12
LogInit: API Version: 2992821
LogInit: Net Version: 3005592
LogDevObjectVersion: Number of dev versions registered: 13
LogDevObjectVersion:   Dev-Blueprints (B0D832E4-1F89-4F0D-ACCF-7EB736FD4AA2): 3
LogDevObjectVersion:   Dev-Build (E1C64328-A22C-4D53-A36C-8E866417BD8C): 0
LogDevObjectVersion:   Dev-Core (375EC13C-06E4-48FB-B500-84F0262A717E): 1
LogDevObjectVersion:   Dev-Editor (E4B068ED-F494-42E9-A231-DA0B2E46BB41): 2
LogDevObjectVersion:   Dev-Framework (CFFC743F-43B0-4480-9391-14DF171D2073): 6
LogDevObjectVersion:   Dev-Mobile (B02B49B5-BB20-44E9-A304-32B752E40360): 0
LogDevObjectVersion:   Dev-Networking (A4E4105C-59A1-49B5-A7C5-40C4547EDFEE): 0
LogDevObjectVersion:   Dev-Online (39C831C9-5AE6-47DC-9A44-9C173E1C8E7C): 0
LogDevObjectVersion:   Dev-Physics (78F01B33-EBEA-4F98-B9B4-84EACCB95AA2): 0
LogDevObjectVersion:   Dev-Platform (6631380F-2D4D-43E0-8009-CF276956A95A): 0
LogDevObjectVersion:   Dev-Rendering (12F88B9F-8875-4AFC-A67C-D90C383ABD29): 2
LogDevObjectVersion:   Dev-Sequencer (7B5AE74C-D270-4C10-A958-57980B212A5A): 0
LogDevObjectVersion:   Dev-VR (D7296918-1DD6-4BDD-9DE2-64A83CC13884): 0
LogInit: Compiled (64-bit): Jun  8 2016 08:52:10
LogInit: Compiled with Visual C++: 19.00.23026.00
LogInit: Build Configuration: Development
LogInit: Branch Name: ++UE4+Release-4.12
LogInit: Command line: 
LogInit: Base directory: C:/Users/Guillaume/Documents/Unreal Projects/KnightFight/Out/WindowsNoEditor/KnightFight/Binaries/Win64/
LogInit: Installed Engine Build: 0
LogInit: Using libcurl 7.41.0
LogInit:  - built for x86_64-pc-win32
LogInit:  - supports SSL with WinSSL
LogInit:  - other features:
LogInit:      CURL_VERSION_SSL
LogInit:      CURL_VERSION_IPV6
LogInit:      CURL_VERSION_ASYNCHDNS
LogInit:      CURL_VERSION_LARGEFILE
LogInit:      CURL_VERSION_IDN
LogInit:  CurlRequestOptions (configurable via config and command line):
LogInit:  - bVerifyPeer = true  - Libcurl will verify peer certificate
LogInit:  - bUseHttpProxy = false  - Libcurl will NOT use HTTP proxy
LogInit:  - bDontReuseConnections = false  - Libcurl will reuse connections
LogInit:  - CertBundlePath = nullptr  - Libcurl will use whatever was configured at build time.
LogInit: WinSock: version 1.1 (2.2), MaxSocks=32767, MaxUdp=65467
LogVoice:Warning: Failed to initialize voice interface
LogInit: Presizing for max 2097152 objects, including 0 objects not considered by GC, pre-allocating 0 bytes for permanent pool.
LogInit: Object subsystem initialized
[2016.06.22-21.15.31:307][  0]LogInit: Selected Device Profile: [WindowsNoEditor]
[2016.06.22-21.15.31:307][  0]LogInit: Applying CVar settings loaded from the selected device profile: [WindowsNoEditor]
[2016.06.22-21.15.31:329][  0]LogInit: Computer: PROGBOX
[2016.06.22-21.15.31:329][  0]LogInit: User: Guillaume
[2016.06.22-21.15.31:329][  0]LogInit: CPU Page size=65536, Cores=2
[2016.06.22-21.15.31:329][  0]LogInit: High frequency timer resolution =1.753830 MHz
[2016.06.22-21.15.31:329][  0]LogMemory: Memory total: Physical=7.9GB (8GB approx)
[2016.06.22-21.15.31:329][  0]LogMemory: Platform Memory Stats for WindowsNoEditor
[2016.06.22-21.15.31:329][  0]LogMemory: Process Physical Memory: 68.79 MB used, 68.79 MB peak
[2016.06.22-21.15.31:329][  0]LogMemory: Process Virtual Memory: 84.07 MB used, 84.07 MB peak
[2016.06.22-21.15.31:329][  0]LogMemory: Physical Memory: 5392.98 MB used, 8065.27 MB total
[2016.06.22-21.15.31:329][  0]LogMemory: Virtual Memory: 306.20 MB used, 134217728.00 MB total
[2016.06.22-21.15.31:372][  0]LogTextLocalizationManager: No translations for ('fr-CA') exist, falling back to 'en' for localization and internationalization data.
[2016.06.22-21.15.31:495][  0]LogD3D11RHI: D3D11 adapters:
[2016.06.22-21.15.31:522][  0]LogD3D11RHI:    0. 'Intel(R) HD Graphics 4000' (Feature Level 11_0)
[2016.06.22-21.15.31:522][  0]LogD3D11RHI:       32/0/1760 MB DedicatedVideo/DedicatedSystem/SharedSystem, Outputs:1, VendorId:0x8086
[2016.06.22-21.15.31:527][  0]LogD3D11RHI:    1. 'Microsoft Basic Render Driver' (Feature Level 11_0)
[2016.06.22-21.15.31:527][  0]LogD3D11RHI:       0/0/4032 MB DedicatedVideo/DedicatedSystem/SharedSystem, Outputs:0, VendorId:0x1414
[2016.06.22-21.15.31:527][  0]LogD3D11RHI: Chosen D3D11 Adapter: 0
[2016.06.22-21.15.31:537][  0]LogD3D11RHI: Creating new Direct3DDevice
[2016.06.22-21.15.31:537][  0]LogD3D11RHI:     GPU DeviceId: 0x166 (for the marketing name, search the web for "GPU Device Id")
[2016.06.22-21.15.31:537][  0]LogWindows: EnumDisplayDevices:
[2016.06.22-21.15.31:537][  0]LogWindows:    0. 'Intel(R) HD Graphics 4000' (P:1 D:1)
[2016.06.22-21.15.31:538][  0]LogWindows:    1. 'Intel(R) HD Graphics 4000' (P:0 D:0)
[2016.06.22-21.15.31:538][  0]LogWindows:    2. 'Intel(R) HD Graphics 4000' (P:0 D:0)
[2016.06.22-21.15.31:538][  0]LogWindows: DebugString: FoundDriverCount:3 
[2016.06.22-21.15.31:538][  0]LogD3D11RHI:     Adapter Name: Intel(R) HD Graphics 4000
[2016.06.22-21.15.31:538][  0]LogD3D11RHI:   Driver Version: 10.18.10.4276 (internal:10.18.10.4276, unified:10.18.10.4276)
[2016.06.22-21.15.31:538][  0]LogD3D11RHI:      Driver Date: 8-17-2015
[2016.06.22-21.15.31:538][  0]LogRHI: Texture pool is 638 MB (70% of 912 MB)
[2016.06.22-21.15.31:543][  0]LogD3D11RHI: Async texture creation enabled
[2016.06.22-21.15.31:612][  0]LogD3D11RHI: GPU Timing Frequency: 12.500000 (Debug: 2 0)
[2016.06.22-21.15.31:890][  0]LogAssetRegistry: FAssetRegistry took 0.0051 seconds to start up
[2016.06.22-21.15.31:894][  0]LogPackageLocalizationCache: Processed 3 localized package path(s) for 1 prioritized culture(s) in 0.003406 seconds
[2016.06.22-21.15.31:906][  0]LogContentStreaming: Texture pool size is 1000.00 MB
[2016.06.22-21.15.31:906][  0]LogInit: Selected Device Profile: [WindowsNoEditor]
[2016.06.22-21.15.32:173][  0]LogSlate: SlateFontCache - WITH_FREETYPE: 1, WITH_HARFBUZZ: 1
[2016.06.22-21.15.32:173][  0]LogSlate: SlateFontCache - WITH_FREETYPE: 1, WITH_HARFBUZZ: 1
[2016.06.22-21.15.32:291][  0]LogMoviePlayer: Initializing movie player
[2016.06.22-21.15.32:428][  0]LogWindowsMoviePlayer: Unable to load movie: ../../../KnightFight/Content/Movies/Default_Startup.mp4
[2016.06.22-21.15.32:474][  0]LogUObjectArray: 27469 objects as part of root set at end of initial load.
[2016.06.22-21.15.32:474][  0]LogUObjectAllocator: 5470272 out of 0 bytes used by permanent object pool.
[2016.06.22-21.15.32:474][  0]LogUObjectArray: CloseDisregardForGC: 0/0 objects in disregard for GC pool
[2016.06.22-21.15.32:485][  0]LogEngine: Initializing Engine...
[2016.06.22-21.15.32:492][  0]LogHMD: SteamVR failed to initialize.  Err: 104
[2016.06.22-21.15.32:500][  0]LogHMD: SteamVR failed to initialize.  Err: 104
[2016.06.22-21.15.32:549][  0]LogInit: XAudio2 using 'Speakers (Realtek High Definition Audio)' : 2 channels at 48 kHz using 32 bits per sample (channel mask 0x3)
[2016.06.22-21.15.32:581][  0]LogInit: FAudioDevice initialized.
[2016.06.22-21.15.32:582][  0]LogInit: Texture streaming: Enabled
[2016.06.22-21.15.32:582][  0]LogModuleManager:Warning: ModuleManager: Module 'MessagingRpc' not found - its StaticallyLinkedModuleInitializers function is null.
[2016.06.22-21.15.32:582][  0]LogModuleManager:Warning: ModuleManager: Module 'PortalRpc' not found - its StaticallyLinkedModuleInitializers function is null.
[2016.06.22-21.15.32:582][  0]LogModuleManager:Warning: ModuleManager: Module 'PortalServices' not found - its StaticallyLinkedModuleInitializers function is null.
[2016.06.22-21.15.32:600][  0]LogNet: Browse: /Game/Main/MainWorld?Name=Player
[2016.06.22-21.15.32:607][  0]LogLoad: LoadMap: /Game/Main/MainWorld?Name=Player
[2016.06.22-21.15.32:698][  0]LogMemory: Platform Memory Stats for WindowsNoEditor
[2016.06.22-21.15.32:698][  0]LogMemory: Process Physical Memory: 187.83 MB used, 187.83 MB peak
[2016.06.22-21.15.32:698][  0]LogMemory: Process Virtual Memory: 196.11 MB used, 252.27 MB peak
[2016.06.22-21.15.32:698][  0]LogMemory: Physical Memory: 5483.49 MB used, 8065.27 MB total
[2016.06.22-21.15.32:698][  0]LogMemory: Virtual Memory: 545.35 MB used, 134217728.00 MB total
[2016.06.22-21.15.32:698][  0]LogMemory: 
[2016.06.22-21.15.32:699][  0]LogMemory: Allocator Stats for binned:
[2016.06.22-21.15.32:699][  0]LogMemory: Current Memory 77.12 MB used, plus 5.94 MB waste
[2016.06.22-21.15.32:699][  0]LogMemory: Peak Memory 79.12 MB used, plus 5.57 MB waste
[2016.06.22-21.15.32:699][  0]LogMemory: Current OS Memory 83.06 MB, peak 84.69 MB
[2016.06.22-21.15.32:699][  0]LogMemory: Current Waste 1.16 MB, peak 1.45 MB
[2016.06.22-21.15.32:699][  0]LogMemory: Current Used 77.12 MB, peak 79.12 MB
[2016.06.22-21.15.32:699][  0]LogMemory: Current Slack 4.78 MB
[2016.06.22-21.15.32:699][  0]LogMemory: Allocs       139730 Current /  807576 Total
[2016.06.22-21.15.32:699][  0]LogMemory: 
[2016.06.22-21.15.32:699][  0]LogMemory: Block Size Num Pools Max Pools Cur Allocs Total Allocs Min Req Max Req Mem Used Mem Slack Mem Waste Efficiency
[2016.06.22-21.15.32:699][  0]LogMemory: ---------- --------- --------- ---------- ------------ ------- ------- -------- --------- --------- ----------
[2016.06.22-21.15.32:699][  0]LogMemory:          8         0         0          0            0       8       0       0K        0K        0K    100.00%
[2016.06.22-21.15.32:699][  0]LogMemory:         16         7         7      21733       219352      16      16     339K      109K        0K    100.00%
[2016.06.22-21.15.32:699][  0]LogMemory:         32        11        11      21237        88917      17      32     663K       41K       61K     91.34%
[2016.06.22-21.15.32:699][  0]LogMemory:         48         8         8       9681        46294      33      48     453K       59K       53K     89.65%
[2016.06.22-21.15.32:699][  0]LogMemory:         64        20        20      19826        81589      49      64    1239K       41K      127K     90.08%
[2016.06.22-21.15.32:699][  0]LogMemory:         80        11        11       8432        77008      65      80     658K       46K       42K     94.03%
[2016.06.22-21.15.32:699][  0]LogMemory:         96         5         5       3262        44246      81      96     305K       15K       18K     94.38%
[2016.06.22-21.15.32:699][  0]LogMemory:        112         4         5       2224        18780      97     112     243K       13K       16K     93.75%
[2016.06.22-21.15.32:699][  0]LogMemory:        128        18        18       8560        28386     114     128    1070K       82K       39K     96.61%
[2016.06.22-21.15.32:699][  0]LogMemory:        160        41        41      16709        39851     129     160    2610K       11K      187K     92.87%
[2016.06.22-21.15.32:700][  0]LogMemory:        192        24        24       7679        21085     161     192    1439K       96K      104K     93.23%
[2016.06.22-21.15.32:700][  0]LogMemory:        224         5         5       1256        27182     193     224     274K       46K       19K     94.06%
[2016.06.22-21.15.32:700][  0]LogMemory:        256         4         4        914         9707     226     256     228K       28K       12K     95.31%
[2016.06.22-21.15.32:700][  0]LogMemory:        288        26        47       5676        36334     257     288    1596K       64K      157K     90.56%
[2016.06.22-21.15.32:700][  0]LogMemory:        320         3         3        463        20544     290     320     144K       48K        1K     99.48%
[2016.06.22-21.15.32:700][  0]LogMemory:        384        19        19       3144         7817     322     384    1179K       33K      109K     91.04%
[2016.06.22-21.15.32:700][  0]LogMemory:        448         4         4        531        11249     386     448     232K       24K       20K     92.19%
[2016.06.22-21.15.32:700][  0]LogMemory:        512         5         5        589         7906     450     512     294K       26K       12K     96.25%
[2016.06.22-21.15.32:700][  0]LogMemory:        576        30        31       3167         5090     514     576    1781K      126K       80K     95.83%
[2016.06.22-21.15.32:700][  0]LogMemory:        640         7         8        641         1297     578     640     400K       47K       24K     94.64%
[2016.06.22-21.15.32:700][  0]LogMemory:        704         9         9        579         1306     642     704     398K      178K       23K     96.01%
[2016.06.22-21.15.32:700][  0]LogMemory:        768        10        10        541         1083     705     768     405K      233K        6K     99.06%
[2016.06.22-21.15.32:700][  0]LogMemory:        896         4         4        198          803     769     896     173K       83K        8K     96.88%
[2016.06.22-21.15.32:700][  0]LogMemory:       1024         7         8        287          883     904    1024     287K      161K       14K     96.88%
[2016.06.22-21.15.32:700][  0]LogMemory:       1168         6         6        279          646    1025    1168     318K       66K       23K     94.01%
[2016.06.22-21.15.32:700][  0]LogMemory:       1360         5         5        196         1087    1171    1360     260K       59K       26K     91.88%
[2016.06.22-21.15.32:700][  0]LogMemory:       1632        10        11        381          749    1361    1632     607K       31K       46K     92.81%
[2016.06.22-21.15.32:700][  0]LogMemory:       2048        13        13        271          940    1635    2048     542K      290K       55K     93.39%
[2016.06.22-21.15.32:700][  0]LogMemory:       2336         6         6        121         1820    2050    2336     276K      108K       30K     92.19%
[2016.06.22-21.15.32:700][  0]LogMemory:       2720         4         4         81          453    2342    2717     215K       40K       11K     95.70%
[2016.06.22-21.15.32:700][  0]LogMemory:       3264        10        12        139         1249    2728    3264     443K      195K       28K     95.63%
[2016.06.22-21.15.32:700][  0]LogMemory:       4096        22        29        206          787    3270    4096     824K      584K       73K     94.82%
[2016.06.22-21.15.32:700][  0]LogMemory:       4672        15        16        107          398    4103    4672     488K      471K       26K     97.29%
[2016.06.22-21.15.32:700][  0]LogMemory:       5456        19        25        105          412    4679    5451     559K      656K       47K     96.13%
[2016.06.22-21.15.32:700][  0]LogMemory:       6544        20        21        129          382    5463    6540     824K      455K       65K     94.92%
[2016.06.22-21.15.32:700][  0]LogMemory:       8192        13        15         67          933    6553    8192     536K      296K       41K     95.07%
[2016.06.22-21.15.32:700][  0]LogMemory:       9360         7         8         48          110    8224    9360     438K       10K       25K     94.42%
[2016.06.22-21.15.32:700][  0]LogMemory:      10912         6         7         35           62    9361   10895     372K       12K       36K     90.63%
[2016.06.22-21.15.32:700][  0]LogMemory:      13104        12        12         57           94   10944   13056     729K       39K       61K     92.06%
[2016.06.22-21.15.32:700][  0]LogMemory:      16384        10        13         40          160   13109   16384     640K        0K       46K     92.81%
[2016.06.22-21.15.32:700][  0]LogMemory:      21840        16        18         48          108   16400   21063    1023K        1K      169K     83.50%
[2016.06.22-21.15.32:700][  0]LogMemory:      32768        10        12         20           77   21904   32640     640K        0K      138K     78.44%
[2016.06.22-21.15.32:700][  0]LogMemory:      49152         3         4         12          225       0   49152     576K        0K      178K     69.10%
[2016.06.22-21.15.32:700][  0]LogMemory:      98304         2         3          8           20       0   97280     768K        0K      186K     75.78%
[2016.06.22-21.15.32:700][  0]LogMemory: 
[2016.06.22-21.15.32:700][  0]LogMemory: 32448K allocated in pools (with 4923K slack and 2442K waste). Efficiency 92.47%
[2016.06.22-21.15.32:700][  0]LogMemory: Allocations 139680 Current / 807422 Total (in 491 pools)
[2016.06.22-21.15.32:700][  0]LogMemory: 
[2016.06.22-21.15.32:716][  0]LogAIModule: Creating AISystem for world MainWorld
[2016.06.22-21.15.32:716][  0]LogWorld: Game class is 'MainMode_C'
[2016.06.22-21.15.32:717][  0]LogWorld: Bringing World /Game/Main/MainWorld.MainWorld up for play (max tick rate 0) at 2016.06.22-17.15.32
[2016.06.22-21.15.32:717][  0]LogWorld: Bringing up level for play took: 0.000685
[2016.06.22-21.15.32:718][  0]LogGameMode: Warning - PATHS NOT DEFINED or NO PLAYERSTART with positive rating
[2016.06.22-21.15.32:724][  0]LogBlueprintUserMessages: [MainHUD_C_0] Finding...
[2016.06.22-21.15.32:728][  0]LogInit: WinSock: I am ProgBox (192.168.1.104:0)
[2016.06.22-21.15.32:728][  0]LogLoad: Took 0.120927 seconds to LoadMap(/Game/Main/MainWorld)
[2016.06.22-21.15.32:728][  0]LogInit:Display: Game Engine Initialized.
[2016.06.22-21.15.32:931][  0]LogLoad: Full Startup: 2.71 seconds (BP compile: 0.00 seconds)
[2016.06.22-21.15.32:931][  0]LogExternalProfiler: Found external profiler: VSPerf
[2016.06.22-21.15.32:931][  0]LogExternalProfiler: Using external profiler: VSPerf
[2016.06.22-21.15.32:949][  0]LogOcInput: OculusInput pre-init called
[2016.06.22-21.15.33:190][  2]LogRenderer: Reallocating scene render targets to support 1368x768 (Frame:2).
[2016.06.22-21.15.38:430][ 60]LogBlueprintUserMessages: [MainHUD_C_0] Finding...
[2016.06.22-21.15.39:754][ 77]LogNet: Browse: /Game/Lobby/LobbyWorld
[2016.06.22-21.15.39:834][ 77]LogLoad: LoadMap: /Game/Lobby/LobbyWorld
[2016.06.22-21.15.39:880][ 77]LogMemory: Platform Memory Stats for WindowsNoEditor
[2016.06.22-21.15.39:880][ 77]LogMemory: Process Physical Memory: 351.28 MB used, 351.28 MB peak
[2016.06.22-21.15.39:880][ 77]LogMemory: Process Virtual Memory: 463.15 MB used, 463.15 MB peak
[2016.06.22-21.15.39:880][ 77]LogMemory: Physical Memory: 5626.34 MB used, 8065.27 MB total
[2016.06.22-21.15.39:880][ 77]LogMemory: Virtual Memory: 846.18 MB used, 134217728.00 MB total
[2016.06.22-21.15.39:880][ 77]LogMemory: 
[2016.06.22-21.15.39:881][ 77]LogMemory: Allocator Stats for binned:
[2016.06.22-21.15.39:881][ 77]LogMemory: Current Memory 83.39 MB used, plus 6.36 MB waste
[2016.06.22-21.15.39:881][ 77]LogMemory: Peak Memory 86.30 MB used, plus 5.82 MB waste
[2016.06.22-21.15.39:881][ 77]LogMemory: Current OS Memory 89.75 MB, peak 92.13 MB
[2016.06.22-21.15.39:881][ 77]LogMemory: Current Waste 1.38 MB, peak 1.47 MB
[2016.06.22-21.15.39:881][ 77]LogMemory: Current Used 83.39 MB, peak 86.30 MB
[2016.06.22-21.15.39:881][ 77]LogMemory: Current Slack 4.98 MB
[2016.06.22-21.15.39:881][ 77]LogMemory: Allocs       142285 Current /  864542 Total
[2016.06.22-21.15.39:881][ 77]LogMemory: 
[2016.06.22-21.15.39:881][ 77]LogMemory: Block Size Num Pools Max Pools Cur Allocs Total Allocs Min Req Max Req Mem Used Mem Slack Mem Waste Efficiency
[2016.06.22-21.15.39:881][ 77]LogMemory: ---------- --------- --------- ---------- ------------ ------- ------- -------- --------- --------- ----------
[2016.06.22-21.15.39:881][ 77]LogMemory:          8         0         0          0            0       8       0       0K        0K        0K    100.00%
[2016.06.22-21.15.39:881][ 77]LogMemory:         16         7         7      22017       225037      16      16     344K      104K        0K    100.00%
[2016.06.22-21.15.39:881][ 77]LogMemory:         32        11        11      21884        92744      17      32     683K       21K       63K     91.05%
[2016.06.22-21.15.39:881][ 77]LogMemory:         48         8         8      10163        52327      33      48     476K       36K       53K     89.65%
[2016.06.22-21.15.39:881][ 77]LogMemory:         64        20        20      20158        88546      49      64    1259K       21K      130K     89.84%
[2016.06.22-21.15.39:881][ 77]LogMemory:         80        11        11       8523        81147      65      80     665K       39K       42K     94.03%
[2016.06.22-21.15.39:882][ 77]LogMemory:         96         6         6       3359        53223      81      96     314K       70K       20K     94.79%
[2016.06.22-21.15.39:882][ 77]LogMemory:        112         4         5       2296        20875      97     112     251K        5K       16K     93.75%
[2016.06.22-21.15.39:882][ 77]LogMemory:        128        18        18       8616        29566     114     128    1077K       75K       40K     96.53%
[2016.06.22-21.15.39:882][ 77]LogMemory:        160        42        42      16852        41390     129     160    2633K       52K      190K     92.93%
[2016.06.22-21.15.39:882][ 77]LogMemory:        192        24        24       7729        23317     161     192    1449K       86K      105K     93.16%
[2016.06.22-21.15.39:882][ 77]LogMemory:        224         5         5       1272        29733     193     224     278K       42K       20K     93.75%
[2016.06.22-21.15.39:882][ 77]LogMemory:        256         4         4        980        11007     226     256     245K       11K       13K     94.92%
[2016.06.22-21.15.39:882][ 77]LogMemory:        288        26        47       5687        37388     257     288    1599K       61K      155K     90.69%
[2016.06.22-21.15.39:882][ 77]LogMemory:        320         3         3        470        21821     290     320     146K       46K        1K     99.48%
[2016.06.22-21.15.39:882][ 77]LogMemory:        384        19        19       3179        10150     322     384    1192K       20K      108K     91.12%
[2016.06.22-21.15.39:882][ 77]LogMemory:        448         4         4        539        11742     386     448     235K       21K       20K     92.19%
[2016.06.22-21.15.39:882][ 77]LogMemory:        512         5         6        591         9321     450     512     295K       25K       10K     96.88%
[2016.06.22-21.15.39:882][ 77]LogMemory:        576        30        31       3190         5372     514     576    1794K      113K       83K     95.68%
[2016.06.22-21.15.39:882][ 77]LogMemory:        640         7         8        642         1448     578     640     401K       46K       23K     94.87%
[2016.06.22-21.15.39:882][ 77]LogMemory:        704         9         9        591         1410     642     704     406K      170K       23K     96.01%
[2016.06.22-21.15.39:882][ 77]LogMemory:        768        10        10        546         1186     705     768     409K      229K        7K     98.91%
[2016.06.22-21.15.39:882][ 77]LogMemory:        896         4         4        207          868     769     896     181K       75K        8K     96.88%
[2016.06.22-21.15.39:882][ 77]LogMemory:       1024         7         8        284         2018     904    1024     284K      164K        9K     97.99%
[2016.06.22-21.15.39:882][ 77]LogMemory:       1168         6         6        288         1253    1025    1168     328K       56K       16K     95.83%
[2016.06.22-21.15.39:882][ 77]LogMemory:       1360         5         5        198         1192    1171    1360     262K       57K       26K     91.88%
[2016.06.22-21.15.39:882][ 77]LogMemory:       1632        11        11        381          841    1361    1632     607K       95K       49K     93.04%
[2016.06.22-21.15.39:882][ 77]LogMemory:       2048        13        13        280         1308    1635    2048     560K      272K       55K     93.39%
[2016.06.22-21.15.39:882][ 77]LogMemory:       2336         6         6        119         1895    2050    2336     271K      113K       29K     92.45%
[2016.06.22-21.15.39:882][ 77]LogMemory:       2720         4         4         85          462    2341    2717     225K       30K       12K     95.31%
[2016.06.22-21.15.39:882][ 77]LogMemory:       3264        10        12        145         1266    2728    3264     462K      176K       30K     95.31%
[2016.06.22-21.15.39:882][ 77]LogMemory:       4096        22        29        206          919    3270    4096     824K      584K       78K     94.46%
[2016.06.22-21.15.39:882][ 77]LogMemory:       4672        15        16        105          414    4103    4672     479K      480K       25K     97.40%
[2016.06.22-21.15.39:882][ 77]LogMemory:       5456        19        25        106          419    4679    5451     564K      651K       48K     96.05%
[2016.06.22-21.15.39:882][ 77]LogMemory:       6544        20        21        129          391    5463    6540     824K      455K       65K     94.92%
[2016.06.22-21.15.39:882][ 77]LogMemory:       8192        13        15         68         1044    6553    8192     544K      288K       44K     94.71%
[2016.06.22-21.15.39:882][ 77]LogMemory:       9360         8         8         51          118    8224    9360     466K       46K       27K     94.73%
[2016.06.22-21.15.39:882][ 77]LogMemory:      10912         6         7         32          141    9361   10895     341K       43K       26K     93.23%
[2016.06.22-21.15.39:882][ 77]LogMemory:      13104        14        14         66          103   10944   13056     844K       52K       71K     92.08%
[2016.06.22-21.15.39:882][ 77]LogMemory:      16384        11        14         41          175   13109   16384     656K       48K       47K     93.32%
[2016.06.22-21.15.39:882][ 77]LogMemory:      21840        16        18         47          114   16400   21063    1002K       22K      166K     83.79%
[2016.06.22-21.15.39:882][ 77]LogMemory:      32768        11        12         21           82   21904   32640     672K       32K      146K     79.26%
[2016.06.22-21.15.39:882][ 77]LogMemory:      49152         4         5         14          231       0   49152     672K       96K      207K     73.05%
[2016.06.22-21.15.39:882][ 77]LogMemory:      98304         2         3          8           22       0   97280     768K        0K      192K     75.00%
[2016.06.22-21.15.39:882][ 77]LogMemory: 
[2016.06.22-21.15.39:882][ 77]LogMemory: 33152K allocated in pools (with 5128K slack and 2498K waste). Efficiency 92.47%
[2016.06.22-21.15.39:882][ 77]LogMemory: Allocations 142166 Current / 864027 Total (in 500 pools)
[2016.06.22-21.15.39:882][ 77]LogMemory: 
[2016.06.22-21.15.39:900][ 77]LogAIModule: Creating AISystem for world LobbyWorld
[2016.06.22-21.15.39:900][ 77]LogWorld: Game class is 'LobbyMode_C'
[2016.06.22-21.15.39:902][ 77]LogWorld: Bringing World /Game/Lobby/LobbyWorld.LobbyWorld up for play (max tick rate 0) at 2016.06.22-17.15.39
[2016.06.22-21.15.39:902][ 77]LogWorld: Bringing up level for play took: 0.000643
[2016.06.22-21.15.39:902][ 77]LogGameMode: Warning - PATHS NOT DEFINED or NO PLAYERSTART with positive rating
[2016.06.22-21.15.39:908][ 77]LogLoad: Took 0.073841 seconds to LoadMap(/Game/Lobby/LobbyWorld)
[2016.06.22-21.15.45:150][144]LogNet: Browse: /Game/Main/MainWorld
[2016.06.22-21.15.45:232][144]LogLoad: LoadMap: /Game/Main/MainWorld
[2016.06.22-21.15.45:285][144]LogMemory: Platform Memory Stats for WindowsNoEditor
[2016.06.22-21.15.45:285][144]LogMemory: Process Physical Memory: 352.13 MB used, 401.32 MB peak
[2016.06.22-21.15.45:285][144]LogMemory: Process Virtual Memory: 463.71 MB used, 521.45 MB peak
[2016.06.22-21.15.45:285][144]LogMemory: Physical Memory: 5623.75 MB used, 8065.27 MB total
[2016.06.22-21.15.45:285][144]LogMemory: Virtual Memory: 836.87 MB used, 134217728.00 MB total
[2016.06.22-21.15.45:285][144]LogMemory: 
[2016.06.22-21.15.45:286][144]LogMemory: Allocator Stats for binned:
[2016.06.22-21.15.45:286][144]LogMemory: Current Memory 83.64 MB used, plus 6.36 MB waste
[2016.06.22-21.15.45:286][144]LogMemory: Peak Memory 86.51 MB used, plus 5.81 MB waste
[2016.06.22-21.15.45:286][144]LogMemory: Current OS Memory 90.00 MB, peak 92.31 MB
[2016.06.22-21.15.45:286][144]LogMemory: Current Waste 1.38 MB, peak 1.47 MB
[2016.06.22-21.15.45:286][144]LogMemory: Current Used 83.65 MB, peak 86.51 MB
[2016.06.22-21.15.45:286][144]LogMemory: Current Slack 4.97 MB
[2016.06.22-21.15.45:286][144]LogMemory: Allocs       142319 Current /  890050 Total
[2016.06.22-21.15.45:286][144]LogMemory: 
[2016.06.22-21.15.45:286][144]LogMemory: Block Size Num Pools Max Pools Cur Allocs Total Allocs Min Req Max Req Mem Used Mem Slack Mem Waste Efficiency
[2016.06.22-21.15.45:286][144]LogMemory: ---------- --------- --------- ---------- ------------ ------- ------- -------- --------- --------- ----------
[2016.06.22-21.15.45:286][144]LogMemory:          8         0         0          0            0       8       0       0K        0K        0K    100.00%
[2016.06.22-21.15.45:286][144]LogMemory:         16         7         7      22027       227344      16      16     344K      104K        0K    100.00%
[2016.06.22-21.15.45:286][144]LogMemory:         32        11        11      21878        95416      17      32     683K       21K       63K     91.05%
[2016.06.22-21.15.45:286][144]LogMemory:         48         8         8      10207        54661      33      48     478K       34K       52K     89.84%
[2016.06.22-21.15.45:286][144]LogMemory:         64        20        20      20151        91451      49      64    1259K       21K      128K     90.00%
[2016.06.22-21.15.45:286][144]LogMemory:         80        11        11       8523        82070      65      80     665K       39K       42K     94.03%
[2016.06.22-21.15.45:286][144]LogMemory:         96         6         6       3357        59674      81      96     314K       70K       21K     94.53%
[2016.06.22-21.15.45:286][144]LogMemory:        112         4         5       2296        21418      97     112     251K        5K       16K     93.75%
[2016.06.22-21.15.45:286][144]LogMemory:        128        18        18       8616        29972     114     128    1077K       75K       40K     96.53%
[2016.06.22-21.15.45:286][144]LogMemory:        160        42        42      16848        41782     129     160    2632K       53K      190K     92.93%
[2016.06.22-21.15.45:286][144]LogMemory:        192        24        24       7729        24423     161     192    1449K       86K      105K     93.16%
[2016.06.22-21.15.45:286][144]LogMemory:        224         5         5       1273        30517     193     224     278K       42K       19K     94.06%
[2016.06.22-21.15.45:286][144]LogMemory:        256         4         4        980        11260     226     256     245K       11K       13K     94.92%
[2016.06.22-21.15.45:286][144]LogMemory:        288        26        47       5685        37421     257     288    1598K       62K      155K     90.69%
[2016.06.22-21.15.45:286][144]LogMemory:        320         3         3        468        22109     290     320     146K       46K        1K     99.48%
[2016.06.22-21.15.45:286][144]LogMemory:        384        19        19       3184        10982     322     384    1194K       18K      107K     91.20%
[2016.06.22-21.15.45:286][144]LogMemory:        448         4         4        539        11845     386     448     235K       21K       20K     92.19%
[2016.06.22-21.15.45:286][144]LogMemory:        512         5         6        591         9426     450     512     295K       25K       10K     96.88%
[2016.06.22-21.15.45:286][144]LogMemory:        576        30        31       3191         5509     514     576    1794K      113K       85K     95.57%
[2016.06.22-21.15.45:286][144]LogMemory:        640         7         8        641         1510     578     640     400K       47K       22K     95.09%
[2016.06.22-21.15.45:286][144]LogMemory:        704         9         9        591         1493     642     704     406K      170K       24K     95.83%
[2016.06.22-21.15.45:287][144]LogMemory:        768        10        10        544         1264     705     768     408K      230K        7K     98.91%
[2016.06.22-21.15.45:287][144]LogMemory:        896         4         4        205          919     769     896     179K       77K        8K     96.88%
[2016.06.22-21.15.45:287][144]LogMemory:       1024         7         8        284         3039     904    1024     284K      164K        8K     98.21%
[2016.06.22-21.15.45:287][144]LogMemory:       1168         6         6        285         1552    1025    1168     325K       59K       15K     96.09%
[2016.06.22-21.15.45:287][144]LogMemory:       1360         5         5        199         1508    1171    1360     264K       55K       24K     92.50%
[2016.06.22-21.15.45:287][144]LogMemory:       1632        11        11        382          909    1361    1632     608K       94K       49K     93.04%
[2016.06.22-21.15.45:287][144]LogMemory:       2048        13        13        280         1621    1635    2048     560K      272K       53K     93.63%
[2016.06.22-21.15.45:287][144]LogMemory:       2336         6         6        119         1933    2050    2336     271K      113K       29K     92.45%
[2016.06.22-21.15.45:287][144]LogMemory:       2720         4         4         85          466    2341    2717     225K       30K       12K     95.31%
[2016.06.22-21.15.45:287][144]LogMemory:       3264        10        12        145         1273    2728    3264     462K      176K       30K     95.31%
[2016.06.22-21.15.45:287][144]LogMemory:       4096        22        29        205         1005    3270    4096     820K      588K       82K     94.18%
[2016.06.22-21.15.45:287][144]LogMemory:       4672        15        16        107          428    4103    4672     488K      471K       25K     97.40%
[2016.06.22-21.15.45:287][144]LogMemory:       5456        19        25        105          424    4679    5451     559K      656K       47K     96.13%
[2016.06.22-21.15.45:287][144]LogMemory:       6544        20        21        129          399    5463    6540     824K      455K       64K     95.00%
[2016.06.22-21.15.45:287][144]LogMemory:       8192        13        15         68         1137    6553    8192     544K      288K       46K     94.47%
[2016.06.22-21.15.45:287][144]LogMemory:       9360         8         8         52          123    8224    9360     475K       37K       29K     94.34%
[2016.06.22-21.15.45:287][144]LogMemory:      10912         6         7         32          211    9361   10895     341K       43K       24K     93.75%
[2016.06.22-21.15.45:287][144]LogMemory:      13104        14        14         66          103   10944   13056     844K       52K       71K     92.08%
[2016.06.22-21.15.45:287][144]LogMemory:      16384        11        14         41          185   13109   16384     656K       48K       48K     93.18%
[2016.06.22-21.15.45:287][144]LogMemory:      21840        16        18         47          118   16400   21063    1002K       22K      167K     83.69%
[2016.06.22-21.15.45:287][144]LogMemory:      32768        11        12         21           84   21904   32640     672K       32K      147K     79.12%
[2016.06.22-21.15.45:287][144]LogMemory:      49152         4         5         14          235       0   49152     672K       96K      207K     73.05%
[2016.06.22-21.15.45:287][144]LogMemory:      98304         2         3          8           24       0   97280     768K        0K      197K     74.35%
[2016.06.22-21.15.45:287][144]LogMemory: 
[2016.06.22-21.15.45:287][144]LogMemory: 33152K allocated in pools (with 5121K slack and 2502K waste). Efficiency 92.45%
[2016.06.22-21.15.45:287][144]LogMemory: Allocations 142199 Current / 889244 Total (in 500 pools)
[2016.06.22-21.15.45:287][144]LogMemory: 
[2016.06.22-21.15.45:302][144]LogAIModule: Creating AISystem for world MainWorld
[2016.06.22-21.15.45:302][144]LogWorld: Game class is 'MainMode_C'
[2016.06.22-21.15.45:303][144]LogWorld: Bringing World /Game/Main/MainWorld.MainWorld up for play (max tick rate 0) at 2016.06.22-17.15.45
[2016.06.22-21.15.45:304][144]LogWorld: Bringing up level for play took: 0.000989
[2016.06.22-21.15.45:305][144]LogGameMode: Warning - PATHS NOT DEFINED or NO PLAYERSTART with positive rating
[2016.06.22-21.15.45:307][144]LogBlueprintUserMessages: [MainHUD_C_0] Finding...
[2016.06.22-21.15.45:309][144]LogLoad: Took 0.076518 seconds to LoadMap(/Game/Main/MainWorld)
[2016.06.22-21.15.47:285][167]Closing by request
[2016.06.22-21.15.47:285][167]LogWindows: FPlatformMisc::RequestExit(0)
[2016.06.22-21.15.47:361][168]LogMoviePlayer: Shutting down movie player
[2016.06.22-21.15.47:541][168]LogSlate: Window 'KnightFight' being destroyed
[2016.06.22-21.15.47:542][168]LogWindowsTextInputMethodSystem:Display: IME system now deactivated.
[2016.06.22-21.15.47:657][168]LogExit: Preparing to exit.
[2016.06.22-21.15.47:745][168]LogExit: Game engine shut down
[2016.06.22-21.15.47:882][168]LogObj: Freed 32b from 1 cluster array pools.
[2016.06.22-21.15.47:882][168]LogExit: Object subsystem successfully closed.
[2016.06.22-21.15.47:894][168]LogD3D11RHI: Shutdown
[2016.06.22-21.15.47:894][168]LogD3D11RHI: CleanupD3DDevice
[2016.06.22-21.15.48:200][168]LogD3D11RHI: ~FD3D11DynamicRHI
[2016.06.22-21.15.48:200][168]LogModuleManager: Shutting down and abandoning module AutomationController (65)
[2016.06.22-21.15.48:200][168]LogModuleManager: Shutting down and abandoning module AutomationWorker (64)
[2016.06.22-21.15.48:200][168]LogModuleManager: Shutting down and abandoning module CharacterAI (63)
[2016.06.22-21.15.48:200][168]LogModuleManager: Shutting down and abandoning module SessionServices (62)
[2016.06.22-21.15.48:200][168]LogModuleManager: Shutting down and abandoning module GameplayDebugger (61)
[2016.06.22-21.15.48:200][168]LogModuleManager: Shutting down and abandoning module AIModule (60)
[2016.06.22-21.15.48:201][168]LogModuleManager: Shutting down and abandoning module StreamingPauseRendering (59)
[2016.06.22-21.15.48:201][168]LogModuleManager: Shutting down and abandoning module AnalyticsET (58)
[2016.06.22-21.15.48:201][168]LogModuleManager: Shutting down and abandoning module Analytics (57)
[2016.06.22-21.15.48:201][168]LogModuleManager: Shutting down and abandoning module ProfilerService (53)
[2016.06.22-21.15.48:238][168]LogModuleManager: Shutting down and abandoning module TaskGraph (52)
[2016.06.22-21.15.48:238][168]LogModuleManager: Shutting down and abandoning module HTML5Networking (51)
[2016.06.22-21.15.48:238][168]LogModuleManager: Shutting down and abandoning module ArchVisCharacter (50)
[2016.06.22-21.15.48:238][168]LogModuleManager: Shutting down and abandoning module CableComponent (49)
[2016.06.22-21.15.48:238][168]LogModuleManager: Shutting down and abandoning module CustomMeshComponent (48)
[2016.06.22-21.15.48:238][168]LogModuleManager: Shutting down and abandoning module OculusInput (47)
[2016.06.22-21.15.48:238][168]LogModuleManager: Shutting down and abandoning module OculusLibrary (46)
[2016.06.22-21.15.48:238][168]LogModuleManager: Shutting down and abandoning module ProceduralMeshComponent (45)
[2016.06.22-21.15.48:238][168]LogModuleManager: Shutting down and abandoning module SteamVRController (44)
[2016.06.22-21.15.48:238][168]LogModuleManager: Shutting down and abandoning module SteamVR (43)
[2016.06.22-21.15.48:238][168]LogModuleManager: Shutting down and abandoning module SlateRemote (42)
[2016.06.22-21.15.48:238][168]LogModuleManager: Shutting down and abandoning module KnightFight (41)
[2016.06.22-21.15.48:238][168]LogModuleManager: Shutting down and abandoning module Paper2D (40)
[2016.06.22-21.15.48:238][168]LogModuleManager: Shutting down and abandoning module LightPropagationVolumeRuntime (39)
[2016.06.22-21.15.48:239][168]LogModuleManager: Shutting down and abandoning module UdpMessaging (38)
[2016.06.22-21.15.48:239][168]LogModuleManager: Shutting down and abandoning module Media (37)
[2016.06.22-21.15.48:239][168]LogModuleManager: Shutting down and abandoning module WmfMedia (36)
[2016.06.22-21.15.48:239][168]LogModuleManager: Shutting down and abandoning module WindowsMoviePlayer (35)
[2016.06.22-21.15.48:239][168]LogModuleManager: Shutting down and abandoning module ImageWrapper (34)
[2016.06.22-21.15.48:239][168]LogModuleManager: Shutting down and abandoning module MediaAssets (33)
[2016.06.22-21.15.48:239][168]LogModuleManager: Shutting down and abandoning module GameLiveStreaming (32)
[2016.06.22-21.15.48:239][168]LogModuleManager: Shutting down and abandoning module UMG (31)
[2016.06.22-21.15.48:239][168]LogModuleManager: Shutting down and abandoning module SlateReflector (30)
[2016.06.22-21.15.48:239][168]LogModuleManager: Shutting down and abandoning module Slate (29)
[2016.06.22-21.15.48:239][168]LogModuleManager: Shutting down and abandoning module Messaging (28)
[2016.06.22-21.15.48:239][168]LogModuleManager: Shutting down and abandoning module HeadMountedDisplay (27)
[2016.06.22-21.15.48:239][168]LogModuleManager: Shutting down and abandoning module XAudio2 (26)
[2016.06.22-21.15.48:239][168]LogModuleManager: Shutting down and abandoning module Networking (25)
[2016.06.22-21.15.48:239][168]LogModuleManager: Shutting down and abandoning module Core (24)
[2016.06.22-21.15.48:239][168]LogModuleManager: Shutting down and abandoning module AssetRegistry (23)
[2016.06.22-21.15.48:240][168]LogModuleManager: Shutting down and abandoning module InputCore (22)
[2016.06.22-21.15.48:240][168]LogModuleManager: Shutting down and abandoning module Voice (20)
[2016.06.22-21.15.48:240][168]LogModuleManager: Shutting down and abandoning module OnlineSubsystem (17)
[2016.06.22-21.15.48:240][168]LogOnline:Display: NULL: FOnlineSubsystemNull::Shutdown()
[2016.06.22-21.15.48:240][168]LogOnline:Display: Unloading online subsystem: Null
[2016.06.22-21.15.48:240][168]LogModuleManager: Shutting down and abandoning module HTTP (16)
[2016.06.22-21.15.52:761][168]LogModuleManager: Shutting down and abandoning module ExampleDeviceProfileSelector (15)
[2016.06.22-21.15.52:761][168]LogModuleManager: Shutting down and abandoning module OculusRift (14)
[2016.06.22-21.15.52:761][168]LogModuleManager: Shutting down and abandoning module ShaderCore (13)
[2016.06.22-21.15.52:761][168]LogModuleManager: Shutting down and abandoning module Landscape (12)
[2016.06.22-21.15.52:761][168]LogModuleManager: Shutting down and abandoning module SlateRHIRenderer (11)
[2016.06.22-21.15.52:761][168]LogModuleManager: Shutting down and abandoning module OpenGLDrv (10)
[2016.06.22-21.15.52:761][168]LogModuleManager: Shutting down and abandoning module D3D11RHI (9)
[2016.06.22-21.15.52:761][168]LogModuleManager: Shutting down and abandoning module AnimGraphRuntime (8)
[2016.06.22-21.15.52:761][168]LogModuleManager: Shutting down and abandoning module Renderer (7)
[2016.06.22-21.15.52:761][168]LogModuleManager: Shutting down and abandoning module Engine (6)
[2016.06.22-21.15.52:761][168]LogModuleManager: Shutting down and abandoning module CoreUObject (5)
[2016.06.22-21.15.52:761][168]LogModuleManager: Shutting down and abandoning module NetworkFile (4)
[2016.06.22-21.15.52:761][168]LogModuleManager: Shutting down and abandoning module StreamingFile (3)
[2016.06.22-21.15.52:761][168]LogModuleManager: Shutting down and abandoning module SandboxFile (2)
[2016.06.22-21.15.52:761][168]LogModuleManager: Shutting down and abandoning module PakFile (1)
[2016.06.22-21.15.52:762][168]LogExit: Exiting.
[2016.06.22-21.15.52:765][168]Log file closed, 06/22/16 17:15:52
