Log file open, 06/22/16 17:12:30
LogPlatformFile: Not using cached read wrapper
LogInit:Display: RandInit(-1947826078) SRandInit(-1947826077).
LogTaskGraph: Started task graph with 4 named threads and 5 total threads with 1 sets of task threads.
LogStats: Stats thread started at 0.652447
LogInit: Version: 4.12.2-3005592+++UE4+Release-4.12
LogInit: API Version: 2992821
LogInit: Net Version: 3005592
LogDevObjectVersion: Number of dev versions registered: 13
LogDevObjectVersion:   Dev-Blueprints (B0D832E4-1F89-4F0D-ACCF-7EB736FD4AA2): 3
LogDevObjectVersion:   Dev-Build (E1C64328-A22C-4D53-A36C-8E866417BD8C): 0
LogDevObjectVersion:   Dev-Core (375EC13C-06E4-48FB-B500-84F0262A717E): 1
LogDevObjectVersion:   Dev-Editor (E4B068ED-F494-42E9-A231-DA0B2E46BB41): 2
LogDevObjectVersion:   Dev-Framework (CFFC743F-43B0-4480-9391-14DF171D2073): 6
LogDevObjectVersion:   Dev-Mobile (B02B49B5-BB20-44E9-A304-32B752E40360): 0
LogDevObjectVersion:   Dev-Networking (A4E4105C-59A1-49B5-A7C5-40C4547EDFEE): 0
LogDevObjectVersion:   Dev-Online (39C831C9-5AE6-47DC-9A44-9C173E1C8E7C): 0
LogDevObjectVersion:   Dev-Physics (78F01B33-EBEA-4F98-B9B4-84EACCB95AA2): 0
LogDevObjectVersion:   Dev-Platform (6631380F-2D4D-43E0-8009-CF276956A95A): 0
LogDevObjectVersion:   Dev-Rendering (12F88B9F-8875-4AFC-A67C-D90C383ABD29): 2
LogDevObjectVersion:   Dev-Sequencer (7B5AE74C-D270-4C10-A958-57980B212A5A): 0
LogDevObjectVersion:   Dev-VR (D7296918-1DD6-4BDD-9DE2-64A83CC13884): 0
LogInit: Compiled (64-bit): Jun  8 2016 08:52:10
LogInit: Compiled with Visual C++: 19.00.23026.00
LogInit: Build Configuration: Development
LogInit: Branch Name: ++UE4+Release-4.12
LogInit: Command line: 
LogInit: Base directory: C:/Users/Guillaume/Documents/Unreal Projects/KnightFight/Out/WindowsNoEditor/KnightFight/Binaries/Win64/
LogInit: Installed Engine Build: 0
LogInit: Using libcurl 7.41.0
LogInit:  - built for x86_64-pc-win32
LogInit:  - supports SSL with WinSSL
LogInit:  - other features:
LogInit:      CURL_VERSION_SSL
LogInit:      CURL_VERSION_IPV6
LogInit:      CURL_VERSION_ASYNCHDNS
LogInit:      CURL_VERSION_LARGEFILE
LogInit:      CURL_VERSION_IDN
LogInit:  CurlRequestOptions (configurable via config and command line):
LogInit:  - bVerifyPeer = true  - Libcurl will verify peer certificate
LogInit:  - bUseHttpProxy = false  - Libcurl will NOT use HTTP proxy
LogInit:  - bDontReuseConnections = false  - Libcurl will reuse connections
LogInit:  - CertBundlePath = nullptr  - Libcurl will use whatever was configured at build time.
LogInit: WinSock: version 1.1 (2.2), MaxSocks=32767, MaxUdp=65467
LogVoice:Warning: Failed to initialize voice interface
LogInit: Presizing for max 2097152 objects, including 0 objects not considered by GC, pre-allocating 0 bytes for permanent pool.
LogInit: Object subsystem initialized
[2016.06.22-21.12.30:353][  0]LogInit: Selected Device Profile: [WindowsNoEditor]
[2016.06.22-21.12.30:353][  0]LogInit: Applying CVar settings loaded from the selected device profile: [WindowsNoEditor]
[2016.06.22-21.12.30:364][  0]LogInit: Computer: PROGBOX
[2016.06.22-21.12.30:364][  0]LogInit: User: Guillaume
[2016.06.22-21.12.30:364][  0]LogInit: CPU Page size=65536, Cores=2
[2016.06.22-21.12.30:364][  0]LogInit: High frequency timer resolution =1.753830 MHz
[2016.06.22-21.12.30:365][  0]LogMemory: Memory total: Physical=7.9GB (8GB approx)
[2016.06.22-21.12.30:365][  0]LogMemory: Platform Memory Stats for WindowsNoEditor
[2016.06.22-21.12.30:365][  0]LogMemory: Process Physical Memory: 68.78 MB used, 68.78 MB peak
[2016.06.22-21.12.30:365][  0]LogMemory: Process Virtual Memory: 84.06 MB used, 84.06 MB peak
[2016.06.22-21.12.30:365][  0]LogMemory: Physical Memory: 5803.07 MB used, 8065.27 MB total
[2016.06.22-21.12.30:365][  0]LogMemory: Virtual Memory: 306.20 MB used, 134217728.00 MB total
[2016.06.22-21.12.30:404][  0]LogTextLocalizationManager: No translations for ('fr-CA') exist, falling back to 'en' for localization and internationalization data.
[2016.06.22-21.12.30:522][  0]LogD3D11RHI: D3D11 adapters:
[2016.06.22-21.12.30:529][  0]LogD3D11RHI:    0. 'Intel(R) HD Graphics 4000' (Feature Level 11_0)
[2016.06.22-21.12.30:529][  0]LogD3D11RHI:       32/0/1760 MB DedicatedVideo/DedicatedSystem/SharedSystem, Outputs:1, VendorId:0x8086
[2016.06.22-21.12.30:532][  0]LogD3D11RHI:    1. 'Microsoft Basic Render Driver' (Feature Level 11_0)
[2016.06.22-21.12.30:532][  0]LogD3D11RHI:       0/0/4032 MB DedicatedVideo/DedicatedSystem/SharedSystem, Outputs:0, VendorId:0x1414
[2016.06.22-21.12.30:532][  0]LogD3D11RHI: Chosen D3D11 Adapter: 0
[2016.06.22-21.12.30:541][  0]LogD3D11RHI: Creating new Direct3DDevice
[2016.06.22-21.12.30:541][  0]LogD3D11RHI:     GPU DeviceId: 0x166 (for the marketing name, search the web for "GPU Device Id")
[2016.06.22-21.12.30:541][  0]LogWindows: EnumDisplayDevices:
[2016.06.22-21.12.30:542][  0]LogWindows:    0. 'Intel(R) HD Graphics 4000' (P:1 D:1)
[2016.06.22-21.12.30:542][  0]LogWindows:    1. 'Intel(R) HD Graphics 4000' (P:0 D:0)
[2016.06.22-21.12.30:542][  0]LogWindows:    2. 'Intel(R) HD Graphics 4000' (P:0 D:0)
[2016.06.22-21.12.30:542][  0]LogWindows: DebugString: FoundDriverCount:3 
[2016.06.22-21.12.30:542][  0]LogD3D11RHI:     Adapter Name: Intel(R) HD Graphics 4000
[2016.06.22-21.12.30:542][  0]LogD3D11RHI:   Driver Version: 10.18.10.4276 (internal:10.18.10.4276, unified:10.18.10.4276)
[2016.06.22-21.12.30:542][  0]LogD3D11RHI:      Driver Date: 8-17-2015
[2016.06.22-21.12.30:542][  0]LogRHI: Texture pool is 638 MB (70% of 912 MB)
[2016.06.22-21.12.30:546][  0]LogD3D11RHI: Async texture creation enabled
[2016.06.22-21.12.30:557][  0]LogD3D11RHI: GPU Timing Frequency: 12.500000 (Debug: 2 0)
[2016.06.22-21.12.30:698][  0]LogAssetRegistry: FAssetRegistry took 0.0037 seconds to start up
[2016.06.22-21.12.30:701][  0]LogPackageLocalizationCache: Processed 3 localized package path(s) for 1 prioritized culture(s) in 0.002408 seconds
[2016.06.22-21.12.30:707][  0]LogContentStreaming: Texture pool size is 1000.00 MB
[2016.06.22-21.12.30:707][  0]LogInit: Selected Device Profile: [WindowsNoEditor]
[2016.06.22-21.12.30:857][  0]LogSlate: SlateFontCache - WITH_FREETYPE: 1, WITH_HARFBUZZ: 1
[2016.06.22-21.12.30:857][  0]LogSlate: SlateFontCache - WITH_FREETYPE: 1, WITH_HARFBUZZ: 1
[2016.06.22-21.12.30:910][  0]LogMoviePlayer: Initializing movie player
[2016.06.22-21.12.30:963][  0]LogWindowsMoviePlayer: Unable to load movie: ../../../KnightFight/Content/Movies/Default_Startup.mp4
[2016.06.22-21.12.31:001][  0]LogUObjectArray: 27469 objects as part of root set at end of initial load.
[2016.06.22-21.12.31:001][  0]LogUObjectAllocator: 5470272 out of 0 bytes used by permanent object pool.
[2016.06.22-21.12.31:001][  0]LogUObjectArray: CloseDisregardForGC: 0/0 objects in disregard for GC pool
[2016.06.22-21.12.31:012][  0]LogEngine: Initializing Engine...
[2016.06.22-21.12.31:017][  0]LogHMD: SteamVR failed to initialize.  Err: 104
[2016.06.22-21.12.31:021][  0]LogHMD: SteamVR failed to initialize.  Err: 104
[2016.06.22-21.12.31:049][  0]LogInit: XAudio2 using 'Speakers (Realtek High Definition Audio)' : 2 channels at 48 kHz using 32 bits per sample (channel mask 0x3)
[2016.06.22-21.12.31:073][  0]LogInit: FAudioDevice initialized.
[2016.06.22-21.12.31:073][  0]LogInit: Texture streaming: Enabled
[2016.06.22-21.12.31:074][  0]LogModuleManager:Warning: ModuleManager: Module 'MessagingRpc' not found - its StaticallyLinkedModuleInitializers function is null.
[2016.06.22-21.12.31:074][  0]LogModuleManager:Warning: ModuleManager: Module 'PortalRpc' not found - its StaticallyLinkedModuleInitializers function is null.
[2016.06.22-21.12.31:074][  0]LogModuleManager:Warning: ModuleManager: Module 'PortalServices' not found - its StaticallyLinkedModuleInitializers function is null.
[2016.06.22-21.12.31:084][  0]LogNet: Browse: /Game/Main/MainWorld?Name=Player
[2016.06.22-21.12.31:085][  0]LogLoad: LoadMap: /Game/Main/MainWorld?Name=Player
[2016.06.22-21.12.31:109][  0]LogMemory: Platform Memory Stats for WindowsNoEditor
[2016.06.22-21.12.31:110][  0]LogMemory: Process Physical Memory: 184.75 MB used, 184.75 MB peak
[2016.06.22-21.12.31:110][  0]LogMemory: Process Virtual Memory: 193.14 MB used, 249.31 MB peak
[2016.06.22-21.12.31:110][  0]LogMemory: Physical Memory: 5919.97 MB used, 8065.27 MB total
[2016.06.22-21.12.31:110][  0]LogMemory: Virtual Memory: 542.43 MB used, 134217728.00 MB total
[2016.06.22-21.12.31:110][  0]LogMemory: 
[2016.06.22-21.12.31:110][  0]LogMemory: Allocator Stats for binned:
[2016.06.22-21.12.31:110][  0]LogMemory: Current Memory 77.11 MB used, plus 5.89 MB waste
[2016.06.22-21.12.31:110][  0]LogMemory: Peak Memory 79.11 MB used, plus 5.57 MB waste
[2016.06.22-21.12.31:110][  0]LogMemory: Current OS Memory 83.00 MB, peak 84.69 MB
[2016.06.22-21.12.31:110][  0]LogMemory: Current Waste 1.10 MB, peak 1.45 MB
[2016.06.22-21.12.31:110][  0]LogMemory: Current Used 77.11 MB, peak 79.11 MB
[2016.06.22-21.12.31:110][  0]LogMemory: Current Slack 4.79 MB
[2016.06.22-21.12.31:110][  0]LogMemory: Allocs       139729 Current /  903489 Total
[2016.06.22-21.12.31:110][  0]LogMemory: 
[2016.06.22-21.12.31:110][  0]LogMemory: Block Size Num Pools Max Pools Cur Allocs Total Allocs Min Req Max Req Mem Used Mem Slack Mem Waste Efficiency
[2016.06.22-21.12.31:110][  0]LogMemory: ---------- --------- --------- ---------- ------------ ------- ------- -------- --------- --------- ----------
[2016.06.22-21.12.31:110][  0]LogMemory:          8         0         0          0            0       8       0       0K        0K        0K    100.00%
[2016.06.22-21.12.31:110][  0]LogMemory:         16         7         7      21733       281978      16      16     339K      109K        0K    100.00%
[2016.06.22-21.12.31:110][  0]LogMemory:         32        11        11      21237        88919      17      32     663K       41K       61K     91.34%
[2016.06.22-21.12.31:110][  0]LogMemory:         48         8         8       9681        46278      33      48     453K       59K       53K     89.65%
[2016.06.22-21.12.31:110][  0]LogMemory:         64        20        20      19824        92034      49      64    1239K       41K      137K     89.30%
[2016.06.22-21.12.31:110][  0]LogMemory:         80        11        11       8432        81199      65      80     658K       46K       42K     94.03%
[2016.06.22-21.12.31:110][  0]LogMemory:         96         5         5       3262        44227      81      96     305K       15K       18K     94.38%
[2016.06.22-21.12.31:110][  0]LogMemory:        112         4         5       2224        18769      97     112     243K       13K       16K     93.75%
[2016.06.22-21.12.31:110][  0]LogMemory:        128        18        18       8560        28361     114     128    1070K       82K       39K     96.61%
[2016.06.22-21.12.31:110][  0]LogMemory:        160        41        41      16709        39841     129     160    2610K       11K      187K     92.87%
[2016.06.22-21.12.31:110][  0]LogMemory:        192        24        24       7679        21071     161     192    1439K       96K      104K     93.23%
[2016.06.22-21.12.31:110][  0]LogMemory:        224         5         5       1256        33462     193     224     274K       46K       19K     94.06%
[2016.06.22-21.12.31:110][  0]LogMemory:        256         4         4        914         9654     226     256     228K       28K       12K     95.31%
[2016.06.22-21.12.31:110][  0]LogMemory:        288        26        47       5675        36329     257     288    1596K       64K      157K     90.56%
[2016.06.22-21.12.31:110][  0]LogMemory:        320         3         3        463        26813     290     320     144K       48K        1K     99.48%
[2016.06.22-21.12.31:110][  0]LogMemory:        384        19        19       3145         7807     322     384    1179K       33K      109K     91.04%
[2016.06.22-21.12.31:110][  0]LogMemory:        448         4         4        531        15441     386     448     232K       24K       20K     92.19%
[2016.06.22-21.12.31:110][  0]LogMemory:        512         5         5        589        10001     450     512     294K       26K       13K     95.94%
[2016.06.22-21.12.31:110][  0]LogMemory:        576        30        31       3167         5070     514     576    1781K      126K       79K     95.89%
[2016.06.22-21.12.31:110][  0]LogMemory:        640         7         8        641         1297     578     640     400K       47K       24K     94.64%
[2016.06.22-21.12.31:110][  0]LogMemory:        704         9         9        579         1305     642     704     398K      178K       23K     96.01%
[2016.06.22-21.12.31:110][  0]LogMemory:        768        10        10        541         1083     705     768     405K      233K        6K     99.06%
[2016.06.22-21.12.31:110][  0]LogMemory:        896         4         4        198          803     769     896     173K       83K        8K     96.88%
[2016.06.22-21.12.31:110][  0]LogMemory:       1024         7         8        287          882     904    1024     287K      161K       14K     96.88%
[2016.06.22-21.12.31:110][  0]LogMemory:       1168         6         6        280          646    1025    1168     319K       65K       23K     94.01%
[2016.06.22-21.12.31:110][  0]LogMemory:       1360         5         5        196         1087    1171    1360     260K       59K       26K     91.88%
[2016.06.22-21.12.31:110][  0]LogMemory:       1632        10        11        381          749    1361    1632     607K       31K       46K     92.81%
[2016.06.22-21.12.31:110][  0]LogMemory:       2048        13        13        271          938    1635    2048     542K      290K       55K     93.39%
[2016.06.22-21.12.31:110][  0]LogMemory:       2336         6         6        121         1819    2050    2336     276K      108K       30K     92.19%
[2016.06.22-21.12.31:110][  0]LogMemory:       2720         4         4         81          453    2342    2717     215K       40K       11K     95.70%
[2016.06.22-21.12.31:110][  0]LogMemory:       3264        10        12        139         1249    2728    3264     443K      195K       28K     95.63%
[2016.06.22-21.12.31:110][  0]LogMemory:       4096        22        29        206          787    3270    4096     824K      584K       73K     94.82%
[2016.06.22-21.12.31:110][  0]LogMemory:       4672        15        16        107          399    4103    4672     488K      471K       26K     97.29%
[2016.06.22-21.12.31:110][  0]LogMemory:       5456        19        25        105          412    4679    5451     559K      656K       47K     96.13%
[2016.06.22-21.12.31:110][  0]LogMemory:       6544        20        21        129          382    5463    6540     824K      455K       65K     94.92%
[2016.06.22-21.12.31:110][  0]LogMemory:       8192        13        15         67          933    6553    8192     536K      296K       41K     95.07%
[2016.06.22-21.12.31:110][  0]LogMemory:       9360         7         8         48          110    8224    9360     438K       10K       25K     94.42%
[2016.06.22-21.12.31:110][  0]LogMemory:      10912         6         7         35           62    9361   10895     372K       12K       36K     90.63%
[2016.06.22-21.12.31:110][  0]LogMemory:      13104        12        12         57           94   10944   13056     729K       39K       62K     91.93%
[2016.06.22-21.12.31:110][  0]LogMemory:      16384        10        13         40          160   13109   16384     640K        0K       46K     92.81%
[2016.06.22-21.12.31:110][  0]LogMemory:      21840        16        18         48          108   16400   21063    1023K        1K      169K     83.50%
[2016.06.22-21.12.31:110][  0]LogMemory:      32768        10        12         20           77   21904   32640     640K        0K      138K     78.44%
[2016.06.22-21.12.31:110][  0]LogMemory:      49152         3         4         12          225       0   49152     576K        0K      177K     69.27%
[2016.06.22-21.12.31:110][  0]LogMemory:      98304         2         3          8           20       0   97280     768K        0K      186K     75.78%
[2016.06.22-21.12.31:110][  0]LogMemory: 
[2016.06.22-21.12.31:111][  0]LogMemory: 32448K allocated in pools (with 4922K slack and 2452K waste). Efficiency 92.44%
[2016.06.22-21.12.31:111][  0]LogMemory: Allocations 139679 Current / 903335 Total (in 491 pools)
[2016.06.22-21.12.31:111][  0]LogMemory: 
[2016.06.22-21.12.31:120][  0]LogAIModule: Creating AISystem for world MainWorld
[2016.06.22-21.12.31:121][  0]LogWorld: Game class is 'MainMode_C'
[2016.06.22-21.12.31:122][  0]LogWorld: Bringing World /Game/Main/MainWorld.MainWorld up for play (max tick rate 0) at 2016.06.22-17.12.31
[2016.06.22-21.12.31:122][  0]LogWorld: Bringing up level for play took: 0.000663
[2016.06.22-21.12.31:123][  0]LogGameMode: Warning - PATHS NOT DEFINED or NO PLAYERSTART with positive rating
[2016.06.22-21.12.31:129][  0]LogInit: WinSock: I am ProgBox (192.168.1.104:0)
[2016.06.22-21.12.31:129][  0]LogLoad: Took 0.044303 seconds to LoadMap(/Game/Main/MainWorld)
[2016.06.22-21.12.31:129][  0]LogInit:Display: Game Engine Initialized.
[2016.06.22-21.12.31:330][  0]LogLoad: Full Startup: 1.87 seconds (BP compile: 0.00 seconds)
[2016.06.22-21.12.31:330][  0]LogExternalProfiler: Found external profiler: VSPerf
[2016.06.22-21.12.31:331][  0]LogExternalProfiler: Using external profiler: VSPerf
[2016.06.22-21.12.31:348][  0]LogOcInput: OculusInput pre-init called
[2016.06.22-21.12.31:493][  2]LogRenderer: Reallocating scene render targets to support 1368x768 (Frame:2).
[2016.06.22-21.12.32:901][ 30]LogNet: Browse: /Game/Lobby/LobbyWorld?listen
[2016.06.22-21.12.32:932][ 30]LogLoad: LoadMap: /Game/Lobby/LobbyWorld?listen
[2016.06.22-21.12.32:980][ 30]LogMemory: Platform Memory Stats for WindowsNoEditor
[2016.06.22-21.12.32:980][ 30]LogMemory: Process Physical Memory: 349.92 MB used, 349.92 MB peak
[2016.06.22-21.12.32:980][ 30]LogMemory: Process Virtual Memory: 461.43 MB used, 461.43 MB peak
[2016.06.22-21.12.32:980][ 30]LogMemory: Physical Memory: 6084.53 MB used, 8065.27 MB total
[2016.06.22-21.12.32:980][ 30]LogMemory: Virtual Memory: 845.62 MB used, 134217728.00 MB total
[2016.06.22-21.12.32:980][ 30]LogMemory: 
[2016.06.22-21.12.32:981][ 30]LogMemory: Allocator Stats for binned:
[2016.06.22-21.12.32:981][ 30]LogMemory: Current Memory 82.63 MB used, plus 6.25 MB waste
[2016.06.22-21.12.32:981][ 30]LogMemory: Peak Memory 85.82 MB used, plus 5.75 MB waste
[2016.06.22-21.12.32:981][ 30]LogMemory: Current OS Memory 88.88 MB, peak 91.56 MB
[2016.06.22-21.12.32:981][ 30]LogMemory: Current Waste 1.31 MB, peak 1.45 MB
[2016.06.22-21.12.32:981][ 30]LogMemory: Current Used 82.63 MB, peak 85.82 MB
[2016.06.22-21.12.32:981][ 30]LogMemory: Current Slack 4.94 MB
[2016.06.22-21.12.32:981][ 30]LogMemory: Allocs       142031 Current /  947868 Total
[2016.06.22-21.12.32:981][ 30]LogMemory: 
[2016.06.22-21.12.32:981][ 30]LogMemory: Block Size Num Pools Max Pools Cur Allocs Total Allocs Min Req Max Req Mem Used Mem Slack Mem Waste Efficiency
[2016.06.22-21.12.32:981][ 30]LogMemory: ---------- --------- --------- ---------- ------------ ------- ------- -------- --------- --------- ----------
[2016.06.22-21.12.32:981][ 30]LogMemory:          8         0         0          0            0       8       0       0K        0K        0K    100.00%
[2016.06.22-21.12.32:981][ 30]LogMemory:         16         7         7      21994       286451      16      16     343K      105K        0K    100.00%
[2016.06.22-21.12.32:981][ 30]LogMemory:         32        11        11      21837        91632      17      32     682K       22K       63K     91.05%
[2016.06.22-21.12.32:981][ 30]LogMemory:         48         8         8      10059        51255      33      48     471K       41K       53K     89.65%
[2016.06.22-21.12.32:981][ 30]LogMemory:         64        20        20      20154        97883      49      64    1259K       21K      139K     89.14%
[2016.06.22-21.12.32:981][ 30]LogMemory:         80        11        11       8518        85178      65      80     665K       39K       42K     94.03%
[2016.06.22-21.12.32:981][ 30]LogMemory:         96         6         6       3353        49826      81      96     314K       70K       20K     94.79%
[2016.06.22-21.12.32:981][ 30]LogMemory:        112         4         5       2294        20708      97     112     250K        6K       16K     93.75%
[2016.06.22-21.12.32:981][ 30]LogMemory:        128        18        18       8613        29419     114     128    1076K       76K       41K     96.44%
[2016.06.22-21.12.32:981][ 30]LogMemory:        160        42        42      16848        41161     129     160    2632K       53K      191K     92.89%
[2016.06.22-21.12.32:981][ 30]LogMemory:        192        24        24       7724        22647     161     192    1448K       87K      105K     93.16%
[2016.06.22-21.12.32:981][ 30]LogMemory:        224         5         5       1272        35521     193     224     278K       42K       19K     94.06%
[2016.06.22-21.12.32:981][ 30]LogMemory:        256         4         4        978        10937     226     256     244K       12K       13K     94.92%
[2016.06.22-21.12.32:981][ 30]LogMemory:        288        26        47       5683        37330     257     288    1598K       62K      155K     90.69%
[2016.06.22-21.12.32:981][ 30]LogMemory:        320         3         3        468        27898     290     320     146K       46K        1K     99.48%
[2016.06.22-21.12.32:981][ 30]LogMemory:        384        19        19       3175         9521     322     384    1190K       22K      110K     90.95%
[2016.06.22-21.12.32:981][ 30]LogMemory:        448         4         4        537        15880     386     448     234K       22K       20K     92.19%
[2016.06.22-21.12.32:981][ 30]LogMemory:        512         5         6        591        11399     450     512     295K       25K       11K     96.56%
[2016.06.22-21.12.32:981][ 30]LogMemory:        576        30        31       3192         5314     514     576    1795K      112K       82K     95.73%
[2016.06.22-21.12.32:981][ 30]LogMemory:        640         7         8        641         1360     578     640     400K       47K       23K     94.87%
[2016.06.22-21.12.32:981][ 30]LogMemory:        704         9         9        588         1358     642     704     404K      172K       23K     96.01%
[2016.06.22-21.12.32:981][ 30]LogMemory:        768        10        10        544         1135     705     768     408K      230K        6K     99.06%
[2016.06.22-21.12.32:981][ 30]LogMemory:        896         4         4        204          862     769     896     178K       78K        8K     96.88%
[2016.06.22-21.12.32:981][ 30]LogMemory:       1024         7         8        286         1356     904    1024     286K      162K       11K     97.54%
[2016.06.22-21.12.32:981][ 30]LogMemory:       1168         6         6        287          883    1025    1168     327K       57K       20K     94.79%
[2016.06.22-21.12.32:981][ 30]LogMemory:       1360         5         5        199         1229    1171    1360     264K       55K       26K     91.88%
[2016.06.22-21.12.32:981][ 30]LogMemory:       1632        11        11        379          786    1361    1632     604K       98K       45K     93.61%
[2016.06.22-21.12.32:981][ 30]LogMemory:       2048        13        13        273         1075    1635    2048     546K      286K       53K     93.63%
[2016.06.22-21.12.32:981][ 30]LogMemory:       2336         6         6        119         1851    2050    2336     271K      113K       30K     92.19%
[2016.06.22-21.12.32:981][ 30]LogMemory:       2720         4         4         83          460    2341    2717     220K       35K       11K     95.70%
[2016.06.22-21.12.32:981][ 30]LogMemory:       3264        10        12        141         1260    2728    3264     449K      189K       29K     95.47%
[2016.06.22-21.12.32:981][ 30]LogMemory:       4096        22        29        204          831    3270    4096     816K      592K       75K     94.67%
[2016.06.22-21.12.32:981][ 30]LogMemory:       4672        15        16        104          414    4103    4672     474K      485K       25K     97.40%
[2016.06.22-21.12.32:981][ 30]LogMemory:       5456        19        25        105          417    4679    5451     559K      656K       47K     96.13%
[2016.06.22-21.12.32:981][ 30]LogMemory:       6544        20        21        129          392    5463    6540     824K      455K       65K     94.92%
[2016.06.22-21.12.32:982][ 30]LogMemory:       8192        13        15         68          995    6553    8192     544K      288K       42K     94.95%
[2016.06.22-21.12.32:982][ 30]LogMemory:       9360         8         8         51          118    8224    9360     466K       46K       27K     94.73%
[2016.06.22-21.12.32:982][ 30]LogMemory:      10912         6         7         32           94    9361   10895     341K       43K       29K     92.45%
[2016.06.22-21.12.32:982][ 30]LogMemory:      13104        12        12         60           97   10944   13056     767K        1K       65K     91.54%
[2016.06.22-21.12.32:982][ 30]LogMemory:      16384        11        14         41          175   13109   16384     656K       48K       47K     93.32%
[2016.06.22-21.12.32:982][ 30]LogMemory:      21840        16        18         47          114   16400   21063    1002K       22K      166K     83.79%
[2016.06.22-21.12.32:982][ 30]LogMemory:      32768        11        12         21           82   21904   32640     672K       32K      146K     79.26%
[2016.06.22-21.12.32:982][ 30]LogMemory:      49152         4         5         14          231       0   49152     672K       96K      207K     73.05%
[2016.06.22-21.12.32:982][ 30]LogMemory:      98304         2         3          8           22       0   97280     768K        0K      192K     75.00%
[2016.06.22-21.12.32:982][ 30]LogMemory: 
[2016.06.22-21.12.32:982][ 30]LogMemory: 33024K allocated in pools (with 5149K slack and 2499K waste). Efficiency 92.43%
[2016.06.22-21.12.32:982][ 30]LogMemory: Allocations 141919 Current / 947558 Total (in 498 pools)
[2016.06.22-21.12.32:982][ 30]LogMemory: 
[2016.06.22-21.12.32:995][ 30]LogAIModule: Creating AISystem for world LobbyWorld
[2016.06.22-21.12.32:995][ 30]LogWorld: Game class is 'LobbyMode_C'
[2016.06.22-21.12.32:996][ 30]LogInit: WinSock: Socket queue 131072 / 131072
[2016.06.22-21.12.32:996][ 30]PacketHandlerLog: Loaded PacketHandler component: Engine.EngineHandlerComponentFactory (StatelessConnectHandlerComponent)
[2016.06.22-21.12.32:996][ 30]LogNet: GameNetDriver IpNetDriver_0 IpNetDriver listening on port 7777
[2016.06.22-21.12.32:998][ 30]LogWorld: Bringing World /Game/Lobby/LobbyWorld.LobbyWorld up for play (max tick rate 0) at 2016.06.22-17.12.32
[2016.06.22-21.12.32:998][ 30]LogWorld: Bringing up level for play took: 0.000774
[2016.06.22-21.12.32:999][ 30]LogGameMode: Warning - PATHS NOT DEFINED or NO PLAYERSTART with positive rating
[2016.06.22-21.12.32:999][ 30]LogOnline:Warning: NULL: Can't start an online session (Game) in state InProgress
[2016.06.22-21.12.33:002][ 30]LogLoad: Took 0.069421 seconds to LoadMap(/Game/Lobby/LobbyWorld)
[2016.06.22-21.12.36:031][109]LogNet: Browse: /Game/Main/MainWorld
[2016.06.22-21.12.36:064][109]LogLoad: LoadMap: /Game/Main/MainWorld
[2016.06.22-21.12.36:064][109]LogNet: World NetDriver shutdown IpNetDriver_0 [GameNetDriver]
[2016.06.22-21.12.36:064][109]LogNet: DestroyNamedNetDriver IpNetDriver_0 [GameNetDriver]
[2016.06.22-21.12.36:064][109]LogExit: GameNetDriver IpNetDriver_0 shut down
[2016.06.22-21.12.36:101][109]LogMemory: Platform Memory Stats for WindowsNoEditor
[2016.06.22-21.12.36:101][109]LogMemory: Process Physical Memory: 351.27 MB used, 399.52 MB peak
[2016.06.22-21.12.36:101][109]LogMemory: Process Virtual Memory: 462.45 MB used, 518.57 MB peak
[2016.06.22-21.12.36:101][109]LogMemory: Physical Memory: 6090.40 MB used, 8065.27 MB total
[2016.06.22-21.12.36:101][109]LogMemory: Virtual Memory: 845.93 MB used, 134217728.00 MB total
[2016.06.22-21.12.36:101][109]LogMemory: 
[2016.06.22-21.12.36:102][109]LogMemory: Allocator Stats for binned:
[2016.06.22-21.12.36:102][109]LogMemory: Current Memory 83.14 MB used, plus 6.30 MB waste
[2016.06.22-21.12.36:102][109]LogMemory: Peak Memory 85.93 MB used, plus 5.75 MB waste
[2016.06.22-21.12.36:102][109]LogMemory: Current OS Memory 89.44 MB, peak 91.69 MB
[2016.06.22-21.12.36:102][109]LogMemory: Current Waste 1.37 MB, peak 1.46 MB
[2016.06.22-21.12.36:102][109]LogMemory: Current Used 83.14 MB, peak 85.93 MB
[2016.06.22-21.12.36:102][109]LogMemory: Current Slack 4.93 MB
[2016.06.22-21.12.36:102][109]LogMemory: Allocs       142225 Current /  979582 Total
[2016.06.22-21.12.36:102][109]LogMemory: 
[2016.06.22-21.12.36:102][109]LogMemory: Block Size Num Pools Max Pools Cur Allocs Total Allocs Min Req Max Req Mem Used Mem Slack Mem Waste Efficiency
[2016.06.22-21.12.36:102][109]LogMemory: ---------- --------- --------- ---------- ------------ ------- ------- -------- --------- --------- ----------
[2016.06.22-21.12.36:102][109]LogMemory:          8         0         0          0            0       8       0       0K        0K        0K    100.00%
[2016.06.22-21.12.36:102][109]LogMemory:         16         7         7      22017       289544      16      16     344K      104K        0K    100.00%
[2016.06.22-21.12.36:102][109]LogMemory:         32        11        11      21888        94877      17      32     684K       20K       63K     91.05%
[2016.06.22-21.12.36:102][109]LogMemory:         48         8         8      10133        54369      33      48     474K       38K       52K     89.84%
[2016.06.22-21.12.36:102][109]LogMemory:         64        20        20      20156       101411      49      64    1259K       21K      138K     89.22%
[2016.06.22-21.12.36:102][109]LogMemory:         80        11        11       8528        86541      65      80     666K       38K       42K     94.03%
[2016.06.22-21.12.36:103][109]LogMemory:         96         6         6       3355        57118      81      96     314K       70K       20K     94.79%
[2016.06.22-21.12.36:103][109]LogMemory:        112         4         5       2294        21325      97     112     250K        6K       16K     93.75%
[2016.06.22-21.12.36:103][109]LogMemory:        128        18        18       8617        29942     114     128    1077K       75K       41K     96.44%
[2016.06.22-21.12.36:103][109]LogMemory:        160        42        42      16850        41676     129     160    2632K       53K      190K     92.93%
[2016.06.22-21.12.36:103][109]LogMemory:        192        24        24       7725        24053     161     192    1448K       87K      105K     93.16%
[2016.06.22-21.12.36:103][109]LogMemory:        224         5         5       1275        36768     193     224     278K       42K       19K     94.06%
[2016.06.22-21.12.36:103][109]LogMemory:        256         4         4        978        11194     226     256     244K       12K       13K     94.92%
[2016.06.22-21.12.36:103][109]LogMemory:        288        26        47       5682        37429     257     288    1598K       62K      155K     90.69%
[2016.06.22-21.12.36:103][109]LogMemory:        320         3         3        467        28185     290     320     145K       47K        1K     99.48%
[2016.06.22-21.12.36:103][109]LogMemory:        384        19        19       3183        10656     322     384    1193K       19K      108K     91.12%
[2016.06.22-21.12.36:103][109]LogMemory:        448         4         4        537        15995     386     448     234K       22K       20K     92.19%
[2016.06.22-21.12.36:103][109]LogMemory:        512         5         6        591        11634     450     512     295K       25K       11K     96.56%
[2016.06.22-21.12.36:103][109]LogMemory:        576        30        31       3193         5465     514     576    1796K      111K       84K     95.63%
[2016.06.22-21.12.36:103][109]LogMemory:        640         7         8        641         1429     578     640     400K       47K       23K     94.87%
[2016.06.22-21.12.36:103][109]LogMemory:        704         9         9        588         1453     642     704     404K      172K       23K     96.01%
[2016.06.22-21.12.36:103][109]LogMemory:        768        10        10        543         1225     705     768     407K      231K        7K     98.91%
[2016.06.22-21.12.36:103][109]LogMemory:        896         4         4        202          913     769     896     176K       80K        8K     96.88%
[2016.06.22-21.12.36:103][109]LogMemory:       1024         7         8        286         2545     904    1024     286K      162K        8K     98.21%
[2016.06.22-21.12.36:103][109]LogMemory:       1168         6         6        288         1544    1025    1168     328K       56K       14K     96.35%
[2016.06.22-21.12.36:103][109]LogMemory:       1360         5         5        200         1492    1171    1360     265K       54K       26K     91.88%
[2016.06.22-21.12.36:103][109]LogMemory:       1632        11        11        380          817    1361    1632     605K       97K       45K     93.61%
[2016.06.22-21.12.36:103][109]LogMemory:       2048        13        13        277         1392    1635    2048     554K      278K       48K     94.23%
[2016.06.22-21.12.36:103][109]LogMemory:       2336         6         6        120         1886    2050    2336     273K      111K       30K     92.19%
[2016.06.22-21.12.36:103][109]LogMemory:       2720         4         4         83          464    2341    2717     220K       35K       11K     95.70%
[2016.06.22-21.12.36:103][109]LogMemory:       3264        10        12        142         1267    2728    3264     452K      186K       29K     95.47%
[2016.06.22-21.12.36:103][109]LogMemory:       4096        22        29        204          922    3270    4096     816K      592K       81K     94.25%
[2016.06.22-21.12.36:103][109]LogMemory:       4672        15        16        106          428    4103    4672     483K      476K       25K     97.40%
[2016.06.22-21.12.36:103][109]LogMemory:       5456        19        25        104          422    4679    5451     554K      661K       47K     96.13%
[2016.06.22-21.12.36:103][109]LogMemory:       6544        20        21        129          400    5463    6540     824K      455K       64K     95.00%
[2016.06.22-21.12.36:103][109]LogMemory:       8192        13        15         68         1100    6553    8192     544K      288K       44K     94.71%
[2016.06.22-21.12.36:103][109]LogMemory:       9360         8         8         52          123    8224    9360     475K       37K       29K     94.34%
[2016.06.22-21.12.36:103][109]LogMemory:      10912         6         7         32          176    9361   10895     341K       43K       25K     93.49%
[2016.06.22-21.12.36:103][109]LogMemory:      13104        13        13         63          100   10944   13056     806K       26K       68K     91.83%
[2016.06.22-21.12.36:103][109]LogMemory:      16384        11        14         41          185   13109   16384     656K       48K       48K     93.18%
[2016.06.22-21.12.36:103][109]LogMemory:      21840        16        18         47          118   16400   21063    1002K       22K      167K     83.69%
[2016.06.22-21.12.36:103][109]LogMemory:      32768        11        12         21           84   21904   32640     672K       32K      147K     79.12%
[2016.06.22-21.12.36:103][109]LogMemory:      49152         4         5         14          235       0   49152     672K       96K      207K     73.05%
[2016.06.22-21.12.36:103][109]LogMemory:      98304         2         3          8           24       0   97280     768K        0K      197K     74.35%
[2016.06.22-21.12.36:103][109]LogMemory: 
[2016.06.22-21.12.36:103][109]LogMemory: 33088K allocated in pools (with 5137K slack and 2499K waste). Efficiency 92.45%
[2016.06.22-21.12.36:103][109]LogMemory: Allocations 142109 Current / 978927 Total (in 499 pools)
[2016.06.22-21.12.36:103][109]LogMemory: 
[2016.06.22-21.12.36:113][109]LogAIModule: Creating AISystem for world MainWorld
[2016.06.22-21.12.36:113][109]LogWorld: Game class is 'MainMode_C'
[2016.06.22-21.12.36:114][109]LogWorld: Bringing World /Game/Main/MainWorld.MainWorld up for play (max tick rate 0) at 2016.06.22-17.12.36
[2016.06.22-21.12.36:114][109]LogWorld: Bringing up level for play took: 0.000702
[2016.06.22-21.12.36:115][109]LogGameMode: Warning - PATHS NOT DEFINED or NO PLAYERSTART with positive rating
[2016.06.22-21.12.36:131][109]LogOnline:Warning: NULL: Ignoring game search request while one is pending
[2016.06.22-21.12.36:131][109]LogLoad: Took 0.067572 seconds to LoadMap(/Game/Main/MainWorld)
[2016.06.22-21.12.36:867][127]Closing by request
[2016.06.22-21.12.36:867][127]LogWindows: FPlatformMisc::RequestExit(0)
[2016.06.22-21.12.36:907][128]LogMoviePlayer: Shutting down movie player
[2016.06.22-21.12.37:049][128]LogSlate: Window 'KnightFight' being destroyed
[2016.06.22-21.12.37:049][128]LogWindowsTextInputMethodSystem:Display: IME system now deactivated.
[2016.06.22-21.12.37:131][128]LogExit: Preparing to exit.
[2016.06.22-21.12.37:153][128]LogExit: Game engine shut down
[2016.06.22-21.12.37:247][128]LogObj: Freed 32b from 1 cluster array pools.
[2016.06.22-21.12.37:247][128]LogExit: Object subsystem successfully closed.
[2016.06.22-21.12.37:256][128]LogD3D11RHI: Shutdown
[2016.06.22-21.12.37:256][128]LogD3D11RHI: CleanupD3DDevice
[2016.06.22-21.12.37:331][128]LogD3D11RHI: ~FD3D11DynamicRHI
[2016.06.22-21.12.37:331][128]LogModuleManager: Shutting down and abandoning module AutomationController (65)
[2016.06.22-21.12.37:331][128]LogModuleManager: Shutting down and abandoning module AutomationWorker (64)
[2016.06.22-21.12.37:331][128]LogModuleManager: Shutting down and abandoning module CharacterAI (63)
[2016.06.22-21.12.37:331][128]LogModuleManager: Shutting down and abandoning module SessionServices (62)
[2016.06.22-21.12.37:331][128]LogModuleManager: Shutting down and abandoning module GameplayDebugger (61)
[2016.06.22-21.12.37:331][128]LogModuleManager: Shutting down and abandoning module AIModule (60)
[2016.06.22-21.12.37:331][128]LogModuleManager: Shutting down and abandoning module StreamingPauseRendering (59)
[2016.06.22-21.12.37:331][128]LogModuleManager: Shutting down and abandoning module AnalyticsET (58)
[2016.06.22-21.12.37:331][128]LogModuleManager: Shutting down and abandoning module Analytics (57)
[2016.06.22-21.12.37:331][128]LogModuleManager: Shutting down and abandoning module ProfilerService (53)
[2016.06.22-21.12.37:507][128]LogModuleManager: Shutting down and abandoning module TaskGraph (52)
[2016.06.22-21.12.37:507][128]LogModuleManager: Shutting down and abandoning module HTML5Networking (51)
[2016.06.22-21.12.37:507][128]LogModuleManager: Shutting down and abandoning module ArchVisCharacter (50)
[2016.06.22-21.12.37:507][128]LogModuleManager: Shutting down and abandoning module CableComponent (49)
[2016.06.22-21.12.37:507][128]LogModuleManager: Shutting down and abandoning module CustomMeshComponent (48)
[2016.06.22-21.12.37:507][128]LogModuleManager: Shutting down and abandoning module OculusInput (47)
[2016.06.22-21.12.37:507][128]LogModuleManager: Shutting down and abandoning module OculusLibrary (46)
[2016.06.22-21.12.37:507][128]LogModuleManager: Shutting down and abandoning module ProceduralMeshComponent (45)
[2016.06.22-21.12.37:507][128]LogModuleManager: Shutting down and abandoning module SteamVRController (44)
[2016.06.22-21.12.37:507][128]LogModuleManager: Shutting down and abandoning module SteamVR (43)
[2016.06.22-21.12.37:507][128]LogModuleManager: Shutting down and abandoning module SlateRemote (42)
[2016.06.22-21.12.37:507][128]LogModuleManager: Shutting down and abandoning module KnightFight (41)
[2016.06.22-21.12.37:507][128]LogModuleManager: Shutting down and abandoning module Paper2D (40)
[2016.06.22-21.12.37:507][128]LogModuleManager: Shutting down and abandoning module LightPropagationVolumeRuntime (39)
[2016.06.22-21.12.37:507][128]LogModuleManager: Shutting down and abandoning module UdpMessaging (38)
[2016.06.22-21.12.37:507][128]LogModuleManager: Shutting down and abandoning module Media (37)
[2016.06.22-21.12.37:507][128]LogModuleManager: Shutting down and abandoning module WmfMedia (36)
[2016.06.22-21.12.37:507][128]LogModuleManager: Shutting down and abandoning module WindowsMoviePlayer (35)
[2016.06.22-21.12.37:507][128]LogModuleManager: Shutting down and abandoning module ImageWrapper (34)
[2016.06.22-21.12.37:507][128]LogModuleManager: Shutting down and abandoning module MediaAssets (33)
[2016.06.22-21.12.37:508][128]LogModuleManager: Shutting down and abandoning module GameLiveStreaming (32)
[2016.06.22-21.12.37:508][128]LogModuleManager: Shutting down and abandoning module UMG (31)
[2016.06.22-21.12.37:508][128]LogModuleManager: Shutting down and abandoning module SlateReflector (30)
[2016.06.22-21.12.37:508][128]LogModuleManager: Shutting down and abandoning module Slate (29)
[2016.06.22-21.12.37:508][128]LogModuleManager: Shutting down and abandoning module Messaging (28)
[2016.06.22-21.12.37:508][128]LogModuleManager: Shutting down and abandoning module HeadMountedDisplay (27)
[2016.06.22-21.12.37:508][128]LogModuleManager: Shutting down and abandoning module XAudio2 (26)
[2016.06.22-21.12.37:508][128]LogModuleManager: Shutting down and abandoning module Networking (25)
[2016.06.22-21.12.37:508][128]LogModuleManager: Shutting down and abandoning module Core (24)
[2016.06.22-21.12.37:508][128]LogModuleManager: Shutting down and abandoning module AssetRegistry (23)
[2016.06.22-21.12.37:509][128]LogModuleManager: Shutting down and abandoning module InputCore (22)
[2016.06.22-21.12.37:509][128]LogModuleManager: Shutting down and abandoning module Voice (20)
[2016.06.22-21.12.37:509][128]LogModuleManager: Shutting down and abandoning module OnlineSubsystem (17)
[2016.06.22-21.12.37:509][128]LogOnline:Display: NULL: FOnlineSubsystemNull::Shutdown()
[2016.06.22-21.12.37:509][128]LogOnline:Display: Unloading online subsystem: Null
[2016.06.22-21.12.37:509][128]LogModuleManager: Shutting down and abandoning module HTTP (16)
[2016.06.22-21.12.42:021][128]LogModuleManager: Shutting down and abandoning module ExampleDeviceProfileSelector (15)
[2016.06.22-21.12.42:021][128]LogModuleManager: Shutting down and abandoning module OculusRift (14)
[2016.06.22-21.12.42:022][128]LogModuleManager: Shutting down and abandoning module ShaderCore (13)
[2016.06.22-21.12.42:022][128]LogModuleManager: Shutting down and abandoning module Landscape (12)
[2016.06.22-21.12.42:022][128]LogModuleManager: Shutting down and abandoning module SlateRHIRenderer (11)
[2016.06.22-21.12.42:022][128]LogModuleManager: Shutting down and abandoning module OpenGLDrv (10)
[2016.06.22-21.12.42:022][128]LogModuleManager: Shutting down and abandoning module D3D11RHI (9)
[2016.06.22-21.12.42:022][128]LogModuleManager: Shutting down and abandoning module AnimGraphRuntime (8)
[2016.06.22-21.12.42:022][128]LogModuleManager: Shutting down and abandoning module Renderer (7)
[2016.06.22-21.12.42:022][128]LogModuleManager: Shutting down and abandoning module Engine (6)
[2016.06.22-21.12.42:022][128]LogModuleManager: Shutting down and abandoning module CoreUObject (5)
[2016.06.22-21.12.42:022][128]LogModuleManager: Shutting down and abandoning module NetworkFile (4)
[2016.06.22-21.12.42:022][128]LogModuleManager: Shutting down and abandoning module StreamingFile (3)
[2016.06.22-21.12.42:022][128]LogModuleManager: Shutting down and abandoning module SandboxFile (2)
[2016.06.22-21.12.42:022][128]LogModuleManager: Shutting down and abandoning module PakFile (1)
[2016.06.22-21.12.42:022][128]LogExit: Exiting.
[2016.06.22-21.12.42:026][128]Log file closed, 06/22/16 17:12:42
